[inst #1] lui $1,4097
Register Write to Reg: 0x01 Val: 0x10010000
[inst #2] ori $8,$1,0
Register Write to Reg: 0x08 Val: 0x10010000
[inst #3] lui $1,-1
Register Write to Reg: 0x01 Val: 0xFFFF0000
[inst #4] ori $1,$1,0
Register Write to Reg: 0x01 Val: 0xFFFF0000
[inst #5] add $9,$0,$1
Register Write to Reg: 0x09 Val: 0xFFFF0000
[inst #6] sw $9,4($8)
Memory Write to Addr: 0x10010004 Val: 0xFFFF0000
[inst #7] lui $1,0
Register Write to Reg: 0x01 Val: 0x00000000
[inst #8] ori $1,$1,65535
Register Write to Reg: 0x01 Val: 0x0000FFFF
[inst #9] add $9,$0,$1
Register Write to Reg: 0x09 Val: 0x0000FFFF
[inst #10] sw $9,4($8)
Memory Write to Addr: 0x10010004 Val: 0x0000FFFF
[inst #11] halt 

