[inst #1] addiu $1,$0,-1
Register Write to Reg: 0x01 Val: 0xFFFFFFFF
[inst #2] slti $2,$1,0
Register Write to Reg: 0x02 Val: 0x00000001
[inst #3] addiu $1,$0,-32768
Register Write to Reg: 0x01 Val: 0xFFFF8000
[inst #4] slti $3,$1,32767
Register Write to Reg: 0x03 Val: 0x00000001
[inst #5] addiu $1,$0,32767
Register Write to Reg: 0x01 Val: 0x00007FFF
[inst #6] slti $4,$1,-32768
Register Write to Reg: 0x04 Val: 0x00000000
[inst #7] addiu $1,$0,-564
Register Write to Reg: 0x01 Val: 0xFFFFFDCC
[inst #8] slti $5,$1,1947
Register Write to Reg: 0x05 Val: 0x00000001
[inst #9] addiu $1,$0,7894
Register Write to Reg: 0x01 Val: 0x00001ED6
[inst #10] slti $6,$1,-2351
Register Write to Reg: 0x06 Val: 0x00000000
[inst #11] addiu $1,$0,-2145
Register Write to Reg: 0x01 Val: 0xFFFFF79F
[inst #12] slti $7,$1,2582
Register Write to Reg: 0x07 Val: 0x00000001
[inst #13] halt 

