Warning in /home/mkotlarz/cpre381/proj/proj3/cpre381-toolflow/proj/mips/Tests/lb_3.s line 6 column 22: "0xFF" is out-of-range for a signed value and possibly truncated

[inst #1] lui $1,4097
Register Write to Reg: 0x01 Val: 0x10010000
[inst #2] lb $8,0($1)
Register Write to Reg: 0x08 Val: 0x0000007F
[inst #3] lui $1,-1
Register Write to Reg: 0x01 Val: 0xFFFF0000
[inst #4] ori $1,$1,65280
Register Write to Reg: 0x01 Val: 0xFFFFFF00
[inst #5] and $17,$8,$1
Register Write to Reg: 0x11 Val: 0x00000000
[inst #6] lui $1,4097
Register Write to Reg: 0x01 Val: 0x10010000
[inst #7] lb $8,1($1)
Register Write to Reg: 0x08 Val: 0xFFFFFFFF
[inst #8] lui $1,-1
Register Write to Reg: 0x01 Val: 0xFFFF0000
[inst #9] ori $1,$1,65280
Register Write to Reg: 0x01 Val: 0xFFFFFF00
[inst #10] and $18,$8,$1
Register Write to Reg: 0x12 Val: 0xFFFFFF00
[inst #11] lui $1,4097
Register Write to Reg: 0x01 Val: 0x10010000
[inst #12] lb $19,2($1)
Register Write to Reg: 0x13 Val: 0x00000000
[inst #13] halt 

