[inst #1] lui $8,32767
Register Write to Reg: 0x08 Val: 0x7FFF0000
[inst #2] lui $9,16383
Register Write to Reg: 0x09 Val: 0x3FFF0000
[inst #3] ori $9,$0,32768
Register Write to Reg: 0x09 Val: 0x00008000
[inst #4] addi $10,$0,1
Register Write to Reg: 0x0A Val: 0x00000001
[inst #5] srav $8,$0,$2
Register Write to Reg: 0x08 Val: 0x00000000
[inst #6] sub $17,$8,$9
Register Write to Reg: 0x11 Val: 0xFFFF8000
[inst #7] addi $10,$0,1
Register Write to Reg: 0x0A Val: 0x00000001
[inst #8] srav $8,$0,$2
Register Write to Reg: 0x08 Val: 0x00000000
[inst #9] addi $1,$0,1
Register Write to Reg: 0x01 Val: 0x00000001
[inst #10] sub $10,$0,$1
Register Write to Reg: 0x0A Val: 0xFFFFFFFF
[inst #11] srav $8,$8,$10
Register Write to Reg: 0x08 Val: 0x00000000
[inst #12] sub $20,$9,$8
Register Write to Reg: 0x14 Val: 0x00008000
[inst #13] halt 

