In clock cycle: 0
Register Write to Reg: 0x01 Val: 0x3FFF0000
In clock cycle: 1
Register Write to Reg: 0x01 Val: 0x3FFFFFFF
In clock cycle: 2
Register Write to Reg: 0x09 Val: 0x3FFFFFFF
In clock cycle: 3
Register Write to Reg: 0x01 Val: 0x40000000
In clock cycle: 4
Register Write to Reg: 0x01 Val: 0x40000000
In clock cycle: 5
Register Write to Reg: 0x09 Val: 0x7FFFFFFF
In clock cycle: 6
Register Write to Reg: 0x00 Val: 0x7FFFFFFF
In clock cycle: 7
Register Write to Reg: 0x01 Val: 0xC0000000
In clock cycle: 8
Register Write to Reg: 0x01 Val: 0xC0000000
In clock cycle: 9
Register Write to Reg: 0x0A Val: 0xC0000000
In clock cycle: 10
Register Write to Reg: 0x01 Val: 0xC0000000
In clock cycle: 11
Register Write to Reg: 0x01 Val: 0xC0000000
In clock cycle: 12
Register Write to Reg: 0x0A Val: 0x80000000
In clock cycle: 13
Register Write to Reg: 0x00 Val: 0x80000000
In clock cycle: 15
Register Write to Reg: 0x02 Val: 0x00000004
In clock cycle: 16
Register Write to Reg: 0x01 Val: 0x10010000
In clock cycle: 17
Register Write to Reg: 0x04 Val: 0x10010000
In clock cycle: 18
Register Write to Reg: 0x00 Val: 0x0000000C
Execution is stopping! Clock Cycle: 19
