[inst #1] addi $8,$0,10
Register Write to Reg: 0x08 Val: 0x0000000A
[inst #2] lui $16,4097
Register Write to Reg: 0x10 Val: 0x10010000
[inst #3] sw $8,0($16)
Memory Write to Addr: 0x10010000 Val: 0x0000000A
[inst #4] addi $9,$0,20
Register Write to Reg: 0x09 Val: 0x00000014
[inst #5] sw $9,0($16)
Memory Write to Addr: 0x10010000 Val: 0x00000014
[inst #6] addi $10,$0,30
Register Write to Reg: 0x0A Val: 0x0000001E
[inst #7] sw $10,0($16)
Memory Write to Addr: 0x10010000 Val: 0x0000001E
[inst #8] addi $11,$0,40
Register Write to Reg: 0x0B Val: 0x00000028
[inst #9] sw $11,0($16)
Memory Write to Addr: 0x10010000 Val: 0x00000028
[inst #10] addi $12,$0,500
Register Write to Reg: 0x0C Val: 0x000001F4
[inst #11] sw $12,0($16)
Memory Write to Addr: 0x10010000 Val: 0x000001F4
[inst #12] halt 

