[inst #1] addi $1,$0,-1
Register Write to Reg: 0x01 Val: 0xFFFFFFFF
[inst #2] addi $2,$0,-2
Register Write to Reg: 0x02 Val: 0xFFFFFFFE
[inst #3] addi $3,$0,-3
Register Write to Reg: 0x03 Val: 0xFFFFFFFD
[inst #4] addi $4,$0,-4
Register Write to Reg: 0x04 Val: 0xFFFFFFFC
[inst #5] addi $5,$0,-5
Register Write to Reg: 0x05 Val: 0xFFFFFFFB
[inst #6] addi $6,$0,-6
Register Write to Reg: 0x06 Val: 0xFFFFFFFA
[inst #7] addi $7,$0,-7
Register Write to Reg: 0x07 Val: 0xFFFFFFF9
[inst #8] addi $8,$0,-8
Register Write to Reg: 0x08 Val: 0xFFFFFFF8
[inst #9] andi $1,$1,7
Register Write to Reg: 0x01 Val: 0x00000007
[inst #10] andi $2,$2,7
Register Write to Reg: 0x02 Val: 0x00000006
[inst #11] andi $3,$3,7
Register Write to Reg: 0x03 Val: 0x00000005
[inst #12] andi $4,$4,7
Register Write to Reg: 0x04 Val: 0x00000004
[inst #13] andi $5,$5,7
Register Write to Reg: 0x05 Val: 0x00000003
[inst #14] andi $6,$6,7
Register Write to Reg: 0x06 Val: 0x00000002
[inst #15] andi $7,$7,7
Register Write to Reg: 0x07 Val: 0x00000001
[inst #16] andi $8,$8,7
Register Write to Reg: 0x08 Val: 0x00000000
[inst #17] halt 

