[inst #1] lui $8,32767
Register Write to Reg: 0x08 Val: 0x7FFF0000
[inst #2] addi $9,$0,32767
Register Write to Reg: 0x09 Val: 0x00007FFF
[inst #3] addi $10,$0,16
Register Write to Reg: 0x0A Val: 0x00000010
[inst #4] srav $8,$8,$10
Register Write to Reg: 0x08 Val: 0x00007FFF
[inst #5] sub $20,$9,$8
Register Write to Reg: 0x14 Val: 0x00000000
[inst #6] srav $8,$8,$0
Register Write to Reg: 0x08 Val: 0x00007FFF
[inst #7] sub $20,$9,$8
Register Write to Reg: 0x14 Val: 0x00000000
[inst #8] srav $8,$8,$8
Register Write to Reg: 0x08 Val: 0x00000000
[inst #9] sub $20,$9,$8
Register Write to Reg: 0x14 Val: 0x00007FFF
[inst #10] srav $17,$8,$10
Register Write to Reg: 0x11 Val: 0x00000000
[inst #11] sub $20,$8,$17
Register Write to Reg: 0x14 Val: 0x00000000
[inst #12] halt 

