[inst #1] addi $1,$0,-1
Register Write to Reg: 0x01 Val: 0xFFFFFFFF
[inst #2] bgez $1,1
[inst #3] addi $1,$0,2
Register Write to Reg: 0x01 Val: 0x00000002
[inst #4] addi $2,$0,-1
Register Write to Reg: 0x02 Val: 0xFFFFFFFF
[inst #5] bgez $2,1
[inst #6] addi $2,$0,2
Register Write to Reg: 0x02 Val: 0x00000002
[inst #7] addi $3,$0,-1
Register Write to Reg: 0x03 Val: 0xFFFFFFFF
[inst #8] bgez $3,1
[inst #9] addi $3,$0,2
Register Write to Reg: 0x03 Val: 0x00000002
[inst #10] addi $4,$0,-1
Register Write to Reg: 0x04 Val: 0xFFFFFFFF
[inst #11] bgez $4,1
[inst #12] addi $4,$0,2
Register Write to Reg: 0x04 Val: 0x00000002
[inst #13] addi $5,$0,-1
Register Write to Reg: 0x05 Val: 0xFFFFFFFF
[inst #14] bgez $5,1
[inst #15] addi $5,$0,2
Register Write to Reg: 0x05 Val: 0x00000002
[inst #16] addi $6,$0,-1
Register Write to Reg: 0x06 Val: 0xFFFFFFFF
[inst #17] bgez $6,1
[inst #18] addi $6,$0,2
Register Write to Reg: 0x06 Val: 0x00000002
[inst #19] addi $7,$0,-1
Register Write to Reg: 0x07 Val: 0xFFFFFFFF
[inst #20] bgez $7,1
[inst #21] addi $7,$0,2
Register Write to Reg: 0x07 Val: 0x00000002
[inst #22] addi $8,$0,-1
Register Write to Reg: 0x08 Val: 0xFFFFFFFF
[inst #23] bgez $8,1
[inst #24] addi $8,$0,2
Register Write to Reg: 0x08 Val: 0x00000002
[inst #25] addi $9,$0,-1
Register Write to Reg: 0x09 Val: 0xFFFFFFFF
[inst #26] bgez $9,1
[inst #27] addi $9,$0,2
Register Write to Reg: 0x09 Val: 0x00000002
[inst #28] addi $10,$0,-1
Register Write to Reg: 0x0A Val: 0xFFFFFFFF
[inst #29] bgez $10,1
[inst #30] addi $10,$0,2
Register Write to Reg: 0x0A Val: 0x00000002
[inst #31] addi $11,$0,-1
Register Write to Reg: 0x0B Val: 0xFFFFFFFF
[inst #32] bgez $11,1
[inst #33] addi $11,$0,2
Register Write to Reg: 0x0B Val: 0x00000002
[inst #34] addi $12,$0,-1
Register Write to Reg: 0x0C Val: 0xFFFFFFFF
[inst #35] bgez $12,1
[inst #36] addi $12,$0,2
Register Write to Reg: 0x0C Val: 0x00000002
[inst #37] addi $13,$0,-1
Register Write to Reg: 0x0D Val: 0xFFFFFFFF
[inst #38] bgez $13,1
[inst #39] addi $13,$0,2
Register Write to Reg: 0x0D Val: 0x00000002
[inst #40] addi $14,$0,-1
Register Write to Reg: 0x0E Val: 0xFFFFFFFF
[inst #41] bgez $14,1
[inst #42] addi $14,$0,2
Register Write to Reg: 0x0E Val: 0x00000002
[inst #43] addi $15,$0,-1
Register Write to Reg: 0x0F Val: 0xFFFFFFFF
[inst #44] bgez $15,1
[inst #45] addi $15,$0,2
Register Write to Reg: 0x0F Val: 0x00000002
[inst #46] addi $16,$0,-1
Register Write to Reg: 0x10 Val: 0xFFFFFFFF
[inst #47] bgez $16,1
[inst #48] addi $16,$0,2
Register Write to Reg: 0x10 Val: 0x00000002
[inst #49] addi $17,$0,-1
Register Write to Reg: 0x11 Val: 0xFFFFFFFF
[inst #50] bgez $17,1
[inst #51] addi $17,$0,2
Register Write to Reg: 0x11 Val: 0x00000002
[inst #52] addi $18,$0,-1
Register Write to Reg: 0x12 Val: 0xFFFFFFFF
[inst #53] bgez $18,1
[inst #54] addi $18,$0,2
Register Write to Reg: 0x12 Val: 0x00000002
[inst #55] addi $19,$0,-1
Register Write to Reg: 0x13 Val: 0xFFFFFFFF
[inst #56] bgez $19,1
[inst #57] addi $19,$0,2
Register Write to Reg: 0x13 Val: 0x00000002
[inst #58] addi $20,$0,-1
Register Write to Reg: 0x14 Val: 0xFFFFFFFF
[inst #59] bgez $20,1
[inst #60] addi $20,$0,2
Register Write to Reg: 0x14 Val: 0x00000002
[inst #61] addi $21,$0,-1
Register Write to Reg: 0x15 Val: 0xFFFFFFFF
[inst #62] bgez $21,1
[inst #63] addi $21,$0,2
Register Write to Reg: 0x15 Val: 0x00000002
[inst #64] addi $22,$0,-1
Register Write to Reg: 0x16 Val: 0xFFFFFFFF
[inst #65] bgez $22,1
[inst #66] addi $22,$0,2
Register Write to Reg: 0x16 Val: 0x00000002
[inst #67] addi $23,$0,-1
Register Write to Reg: 0x17 Val: 0xFFFFFFFF
[inst #68] bgez $23,1
[inst #69] addi $23,$0,2
Register Write to Reg: 0x17 Val: 0x00000002
[inst #70] addi $24,$0,-1
Register Write to Reg: 0x18 Val: 0xFFFFFFFF
[inst #71] bgez $24,1
[inst #72] addi $24,$0,2
Register Write to Reg: 0x18 Val: 0x00000002
[inst #73] addi $25,$0,-1
Register Write to Reg: 0x19 Val: 0xFFFFFFFF
[inst #74] bgez $25,1
[inst #75] addi $25,$0,2
Register Write to Reg: 0x19 Val: 0x00000002
[inst #76] addi $26,$0,-1
Register Write to Reg: 0x1A Val: 0xFFFFFFFF
[inst #77] bgez $26,1
[inst #78] addi $26,$0,2
Register Write to Reg: 0x1A Val: 0x00000002
[inst #79] addi $27,$0,-1
Register Write to Reg: 0x1B Val: 0xFFFFFFFF
[inst #80] bgez $27,1
[inst #81] addi $27,$0,2
Register Write to Reg: 0x1B Val: 0x00000002
[inst #82] addi $28,$0,-1
Register Write to Reg: 0x1C Val: 0xFFFFFFFF
[inst #83] bgez $28,1
[inst #84] addi $28,$0,2
Register Write to Reg: 0x1C Val: 0x00000002
[inst #85] addi $29,$0,-1
Register Write to Reg: 0x1D Val: 0xFFFFFFFF
[inst #86] bgez $29,1
[inst #87] addi $29,$0,2
Register Write to Reg: 0x1D Val: 0x00000002
[inst #88] addi $30,$0,-1
Register Write to Reg: 0x1E Val: 0xFFFFFFFF
[inst #89] bgez $30,1
[inst #90] addi $30,$0,2
Register Write to Reg: 0x1E Val: 0x00000002
[inst #91] addi $31,$0,-1
Register Write to Reg: 0x1F Val: 0xFFFFFFFF
[inst #92] bgez $31,1
[inst #93] addi $31,$0,2
Register Write to Reg: 0x1F Val: 0x00000002
[inst #94] halt 

