[inst #1] addi $1,$0,1
Register Write to Reg: 0x01 Val: 0x00000001
[inst #2] addi $2,$0,2
Register Write to Reg: 0x02 Val: 0x00000002
[inst #3] slt $3,$1,$2
Register Write to Reg: 0x03 Val: 0x00000001
[inst #4] slt $4,$1,$2
Register Write to Reg: 0x04 Val: 0x00000001
[inst #5] slt $5,$1,$2
Register Write to Reg: 0x05 Val: 0x00000001
[inst #6] slt $6,$1,$2
Register Write to Reg: 0x06 Val: 0x00000001
[inst #7] slt $7,$1,$2
Register Write to Reg: 0x07 Val: 0x00000001
[inst #8] slt $8,$1,$2
Register Write to Reg: 0x08 Val: 0x00000001
[inst #9] slt $9,$1,$2
Register Write to Reg: 0x09 Val: 0x00000001
[inst #10] slt $10,$1,$2
Register Write to Reg: 0x0A Val: 0x00000001
[inst #11] slt $11,$1,$2
Register Write to Reg: 0x0B Val: 0x00000001
[inst #12] slt $12,$1,$2
Register Write to Reg: 0x0C Val: 0x00000001
[inst #13] slt $13,$1,$2
Register Write to Reg: 0x0D Val: 0x00000001
[inst #14] slt $14,$1,$2
Register Write to Reg: 0x0E Val: 0x00000001
[inst #15] slt $15,$1,$2
Register Write to Reg: 0x0F Val: 0x00000001
[inst #16] slt $16,$1,$2
Register Write to Reg: 0x10 Val: 0x00000001
[inst #17] slt $17,$1,$2
Register Write to Reg: 0x11 Val: 0x00000001
[inst #18] slt $18,$1,$2
Register Write to Reg: 0x12 Val: 0x00000001
[inst #19] slt $19,$1,$2
Register Write to Reg: 0x13 Val: 0x00000001
[inst #20] slt $20,$1,$2
Register Write to Reg: 0x14 Val: 0x00000001
[inst #21] slt $21,$1,$2
Register Write to Reg: 0x15 Val: 0x00000001
[inst #22] slt $22,$1,$2
Register Write to Reg: 0x16 Val: 0x00000001
[inst #23] slt $23,$1,$2
Register Write to Reg: 0x17 Val: 0x00000001
[inst #24] slt $24,$1,$2
Register Write to Reg: 0x18 Val: 0x00000001
[inst #25] slt $25,$1,$2
Register Write to Reg: 0x19 Val: 0x00000001
[inst #26] slt $26,$1,$2
Register Write to Reg: 0x1A Val: 0x00000001
[inst #27] slt $27,$1,$2
Register Write to Reg: 0x1B Val: 0x00000001
[inst #28] slt $28,$1,$2
Register Write to Reg: 0x1C Val: 0x00000001
[inst #29] slt $29,$1,$2
Register Write to Reg: 0x1D Val: 0x00000001
[inst #30] slt $30,$1,$2
Register Write to Reg: 0x1E Val: 0x00000001
[inst #31] slt $31,$1,$2
Register Write to Reg: 0x1F Val: 0x00000001
[inst #32] halt 

