[inst #1] addiu $1,$0,-100
Register Write to Reg: 0x01 Val: 0xFFFFFF9C
[inst #2] slti $2,$1,-10
Register Write to Reg: 0x02 Val: 0x00000001
[inst #3] addiu $1,$0,-37
Register Write to Reg: 0x01 Val: 0xFFFFFFDB
[inst #4] slti $3,$1,-12
Register Write to Reg: 0x03 Val: 0x00000001
[inst #5] addiu $1,$0,-45
Register Write to Reg: 0x01 Val: 0xFFFFFFD3
[inst #6] slti $4,$1,-55
Register Write to Reg: 0x04 Val: 0x00000000
[inst #7] addiu $1,$0,-70
Register Write to Reg: 0x01 Val: 0xFFFFFFBA
[inst #8] slti $5,$1,-4432
Register Write to Reg: 0x05 Val: 0x00000000
[inst #9] addiu $1,$0,-7896
Register Write to Reg: 0x01 Val: 0xFFFFE128
[inst #10] slti $6,$1,-7896
Register Write to Reg: 0x06 Val: 0x00000000
[inst #11] addiu $1,$0,-79
Register Write to Reg: 0x01 Val: 0xFFFFFFB1
[inst #12] slti $7,$1,-79
Register Write to Reg: 0x07 Val: 0x00000000
[inst #13] halt 

