[inst #1] addi $4,$0,0
Register Write to Reg: 0x04 Val: 0x00000000
[inst #2] addi $5,$0,1
Register Write to Reg: 0x05 Val: 0x00000001
[inst #3] addi $6,$0,3
Register Write to Reg: 0x06 Val: 0x00000003
[inst #4] addi $7,$0,7
Register Write to Reg: 0x07 Val: 0x00000007
[inst #5] addi $8,$0,15
Register Write to Reg: 0x08 Val: 0x0000000F
[inst #6] addi $9,$0,31
Register Write to Reg: 0x09 Val: 0x0000001F
[inst #7] addi $10,$0,63
Register Write to Reg: 0x0A Val: 0x0000003F
[inst #8] addi $11,$0,127
Register Write to Reg: 0x0B Val: 0x0000007F
[inst #9] addi $12,$0,255
Register Write to Reg: 0x0C Val: 0x000000FF
[inst #10] addi $13,$0,511
Register Write to Reg: 0x0D Val: 0x000001FF
[inst #11] addi $14,$0,1023
Register Write to Reg: 0x0E Val: 0x000003FF
[inst #12] addi $15,$0,2047
Register Write to Reg: 0x0F Val: 0x000007FF
[inst #13] addi $16,$0,4095
Register Write to Reg: 0x10 Val: 0x00000FFF
[inst #14] addi $17,$0,8191
Register Write to Reg: 0x11 Val: 0x00001FFF
[inst #15] addi $18,$0,16383
Register Write to Reg: 0x12 Val: 0x00003FFF
[inst #16] addi $19,$0,32767
Register Write to Reg: 0x13 Val: 0x00007FFF
[inst #17] halt 

