In clock cycle: 3
Register Write to Reg: 0x00 Val: 0x00000000
In clock cycle: 4
Register Write to Reg: 0x04 Val: 0x00000000
In clock cycle: 5
Register Write to Reg: 0x05 Val: 0x00000001
In clock cycle: 6
Register Write to Reg: 0x06 Val: 0x00000003
In clock cycle: 7
Register Write to Reg: 0x07 Val: 0x00000007
In clock cycle: 8
Register Write to Reg: 0x08 Val: 0x0000000F
In clock cycle: 9
Register Write to Reg: 0x09 Val: 0x0000001F
In clock cycle: 10
Register Write to Reg: 0x0A Val: 0x0000003F
In clock cycle: 11
Register Write to Reg: 0x0B Val: 0x0000007F
In clock cycle: 12
Register Write to Reg: 0x0C Val: 0x000000FF
In clock cycle: 13
Register Write to Reg: 0x0D Val: 0x000001FF
In clock cycle: 14
Register Write to Reg: 0x0E Val: 0x000003FF
In clock cycle: 15
Register Write to Reg: 0x0F Val: 0x000007FF
In clock cycle: 16
Register Write to Reg: 0x10 Val: 0x00000FFF
In clock cycle: 17
Register Write to Reg: 0x11 Val: 0x00001FFF
In clock cycle: 18
Register Write to Reg: 0x12 Val: 0x00003FFF
In clock cycle: 19
Register Write to Reg: 0x13 Val: 0x00007FFF
Execution is stopping! Clock Cycle: 20
