In clock cycle: 3
Register Write to Reg: 0x00 Val: 0x00000000
In clock cycle: 4
Register Write to Reg: 0x01 Val: 0x10010000
In clock cycle: 5
Register Write to Reg: 0x08 Val: 0x10010000
In clock cycle: 6
Register Write to Reg: 0x09 Val: 0x0000000A
In clock cycle: 8
Register Write to Reg: 0x01 Val: 0x00000001
In clock cycle: 9
Register Write to Reg: 0x09 Val: 0x00000009
In clock cycle: 9
Memory Write to Addr: 0x10010000 Val: 0x00000009
In clock cycle: 11
Register Write to Reg: 0x01 Val: 0x00400000
In clock cycle: 12
Register Write to Reg: 0x1F Val: 0x0040000C
In clock cycle: 13
Register Write to Reg: 0x00 Val: 0x00000000
In clock cycle: 15
Register Write to Reg: 0x00 Val: 0x00000000
In clock cycle: 17
Register Write to Reg: 0x01 Val: 0x00000001
In clock cycle: 18
Register Write to Reg: 0x09 Val: 0x00000008
In clock cycle: 18
Memory Write to Addr: 0x10010000 Val: 0x00000008
In clock cycle: 20
Register Write to Reg: 0x01 Val: 0x00400000
In clock cycle: 21
Register Write to Reg: 0x1F Val: 0x0040000C
In clock cycle: 22
Register Write to Reg: 0x00 Val: 0x00000000
In clock cycle: 24
Register Write to Reg: 0x00 Val: 0x00000000
In clock cycle: 26
Register Write to Reg: 0x01 Val: 0x00000001
In clock cycle: 27
Register Write to Reg: 0x09 Val: 0x00000007
In clock cycle: 27
Memory Write to Addr: 0x10010000 Val: 0x00000007
In clock cycle: 29
Register Write to Reg: 0x01 Val: 0x00400000
In clock cycle: 30
Register Write to Reg: 0x1F Val: 0x0040000C
In clock cycle: 31
Register Write to Reg: 0x00 Val: 0x00000000
In clock cycle: 33
Register Write to Reg: 0x00 Val: 0x00000000
In clock cycle: 35
Register Write to Reg: 0x01 Val: 0x00000001
In clock cycle: 36
Register Write to Reg: 0x09 Val: 0x00000006
In clock cycle: 36
Memory Write to Addr: 0x10010000 Val: 0x00000006
In clock cycle: 38
Register Write to Reg: 0x01 Val: 0x00400000
In clock cycle: 39
Register Write to Reg: 0x1F Val: 0x0040000C
In clock cycle: 40
Register Write to Reg: 0x00 Val: 0x00000000
In clock cycle: 42
Register Write to Reg: 0x00 Val: 0x00000000
In clock cycle: 44
Register Write to Reg: 0x01 Val: 0x00000001
In clock cycle: 45
Register Write to Reg: 0x09 Val: 0x00000005
In clock cycle: 45
Memory Write to Addr: 0x10010000 Val: 0x00000005
In clock cycle: 47
Register Write to Reg: 0x01 Val: 0x00400000
In clock cycle: 48
Register Write to Reg: 0x1F Val: 0x0040000C
In clock cycle: 49
Register Write to Reg: 0x00 Val: 0x00000000
In clock cycle: 51
Register Write to Reg: 0x00 Val: 0x00000000
In clock cycle: 53
Register Write to Reg: 0x01 Val: 0x00000001
In clock cycle: 54
Register Write to Reg: 0x09 Val: 0x00000004
In clock cycle: 54
Memory Write to Addr: 0x10010000 Val: 0x00000004
In clock cycle: 56
Register Write to Reg: 0x01 Val: 0x00400000
In clock cycle: 57
Register Write to Reg: 0x1F Val: 0x0040000C
In clock cycle: 58
Register Write to Reg: 0x00 Val: 0x00000000
In clock cycle: 60
Register Write to Reg: 0x00 Val: 0x00000000
In clock cycle: 62
Register Write to Reg: 0x01 Val: 0x00000001
In clock cycle: 63
Register Write to Reg: 0x09 Val: 0x00000003
In clock cycle: 63
Memory Write to Addr: 0x10010000 Val: 0x00000003
In clock cycle: 65
Register Write to Reg: 0x01 Val: 0x00400000
In clock cycle: 66
Register Write to Reg: 0x1F Val: 0x0040000C
In clock cycle: 67
Register Write to Reg: 0x00 Val: 0x00000000
In clock cycle: 69
Register Write to Reg: 0x00 Val: 0x00000000
In clock cycle: 71
Register Write to Reg: 0x01 Val: 0x00000001
In clock cycle: 72
Register Write to Reg: 0x09 Val: 0x00000002
In clock cycle: 72
Memory Write to Addr: 0x10010000 Val: 0x00000002
In clock cycle: 74
Register Write to Reg: 0x01 Val: 0x00400000
In clock cycle: 75
Register Write to Reg: 0x1F Val: 0x0040000C
In clock cycle: 76
Register Write to Reg: 0x00 Val: 0x00000000
In clock cycle: 78
Register Write to Reg: 0x00 Val: 0x00000000
In clock cycle: 80
Register Write to Reg: 0x01 Val: 0x00000001
In clock cycle: 81
Register Write to Reg: 0x09 Val: 0x00000001
In clock cycle: 81
Memory Write to Addr: 0x10010000 Val: 0x00000001
In clock cycle: 83
Register Write to Reg: 0x01 Val: 0x00400000
In clock cycle: 84
Register Write to Reg: 0x1F Val: 0x0040000C
In clock cycle: 85
Register Write to Reg: 0x00 Val: 0x00000000
In clock cycle: 87
Register Write to Reg: 0x00 Val: 0x00000000
In clock cycle: 89
Register Write to Reg: 0x01 Val: 0x00000001
In clock cycle: 90
Register Write to Reg: 0x09 Val: 0x00000000
In clock cycle: 90
Memory Write to Addr: 0x10010000 Val: 0x00000000
In clock cycle: 92
Register Write to Reg: 0x01 Val: 0x00400000
In clock cycle: 93
Register Write to Reg: 0x1F Val: 0x0040000C
In clock cycle: 94
Register Write to Reg: 0x00 Val: 0x00000000
In clock cycle: 96
Register Write to Reg: 0x00 Val: 0x00000000
In clock cycle: 99
Register Write to Reg: 0x00 Val: 0x00000000
Execution is stopping! Clock Cycle: 100
