[inst #1] addi $8,$0,1
Register Write to Reg: 0x08 Val: 0x00000001
[inst #2] lui $1,0
Register Write to Reg: 0x01 Val: 0x00000000
[inst #3] ori $1,$1,65535
Register Write to Reg: 0x01 Val: 0x0000FFFF
[inst #4] add $9,$0,$1
Register Write to Reg: 0x09 Val: 0x0000FFFF
[inst #5] sll $9,$9,16
Register Write to Reg: 0x09 Val: 0xFFFF0000
[inst #6] lui $1,0
Register Write to Reg: 0x01 Val: 0x00000000
[inst #7] ori $1,$1,65535
Register Write to Reg: 0x01 Val: 0x0000FFFF
[inst #8] add $9,$9,$1
Register Write to Reg: 0x09 Val: 0xFFFFFFFF
[inst #9] and $10,$8,$0
Register Write to Reg: 0x0A Val: 0x00000000
[inst #10] and $10,$0,$8
Register Write to Reg: 0x0A Val: 0x00000000
[inst #11] and $10,$8,$9
Register Write to Reg: 0x0A Val: 0x00000001
[inst #12] and $11,$9,$8
Register Write to Reg: 0x0B Val: 0x00000001
[inst #13] sll $8,$8,1
Register Write to Reg: 0x08 Val: 0x00000002
[inst #14] and $10,$8,$9
Register Write to Reg: 0x0A Val: 0x00000002
[inst #15] and $11,$9,$8
Register Write to Reg: 0x0B Val: 0x00000002
[inst #16] sll $8,$8,1
Register Write to Reg: 0x08 Val: 0x00000004
[inst #17] and $10,$8,$9
Register Write to Reg: 0x0A Val: 0x00000004
[inst #18] and $11,$9,$8
Register Write to Reg: 0x0B Val: 0x00000004
[inst #19] sll $8,$8,1
Register Write to Reg: 0x08 Val: 0x00000008
[inst #20] and $10,$8,$9
Register Write to Reg: 0x0A Val: 0x00000008
[inst #21] and $11,$9,$8
Register Write to Reg: 0x0B Val: 0x00000008
[inst #22] sll $8,$8,1
Register Write to Reg: 0x08 Val: 0x00000010
[inst #23] and $10,$8,$9
Register Write to Reg: 0x0A Val: 0x00000010
[inst #24] and $11,$9,$8
Register Write to Reg: 0x0B Val: 0x00000010
[inst #25] sll $8,$8,1
Register Write to Reg: 0x08 Val: 0x00000020
[inst #26] and $10,$8,$9
Register Write to Reg: 0x0A Val: 0x00000020
[inst #27] and $11,$9,$8
Register Write to Reg: 0x0B Val: 0x00000020
[inst #28] sll $8,$8,1
Register Write to Reg: 0x08 Val: 0x00000040
[inst #29] and $10,$8,$9
Register Write to Reg: 0x0A Val: 0x00000040
[inst #30] and $11,$9,$8
Register Write to Reg: 0x0B Val: 0x00000040
[inst #31] sll $8,$8,1
Register Write to Reg: 0x08 Val: 0x00000080
[inst #32] and $10,$8,$9
Register Write to Reg: 0x0A Val: 0x00000080
[inst #33] and $11,$9,$8
Register Write to Reg: 0x0B Val: 0x00000080
[inst #34] sll $8,$8,1
Register Write to Reg: 0x08 Val: 0x00000100
[inst #35] and $10,$8,$9
Register Write to Reg: 0x0A Val: 0x00000100
[inst #36] and $11,$9,$8
Register Write to Reg: 0x0B Val: 0x00000100
[inst #37] sll $8,$8,1
Register Write to Reg: 0x08 Val: 0x00000200
[inst #38] and $10,$8,$9
Register Write to Reg: 0x0A Val: 0x00000200
[inst #39] and $11,$9,$8
Register Write to Reg: 0x0B Val: 0x00000200
[inst #40] sll $8,$8,1
Register Write to Reg: 0x08 Val: 0x00000400
[inst #41] and $10,$8,$9
Register Write to Reg: 0x0A Val: 0x00000400
[inst #42] and $11,$9,$8
Register Write to Reg: 0x0B Val: 0x00000400
[inst #43] sll $8,$8,1
Register Write to Reg: 0x08 Val: 0x00000800
[inst #44] and $10,$8,$9
Register Write to Reg: 0x0A Val: 0x00000800
[inst #45] and $11,$9,$8
Register Write to Reg: 0x0B Val: 0x00000800
[inst #46] sll $8,$8,1
Register Write to Reg: 0x08 Val: 0x00001000
[inst #47] and $10,$8,$9
Register Write to Reg: 0x0A Val: 0x00001000
[inst #48] and $11,$9,$8
Register Write to Reg: 0x0B Val: 0x00001000
[inst #49] sll $8,$8,1
Register Write to Reg: 0x08 Val: 0x00002000
[inst #50] and $10,$8,$9
Register Write to Reg: 0x0A Val: 0x00002000
[inst #51] and $11,$9,$8
Register Write to Reg: 0x0B Val: 0x00002000
[inst #52] sll $8,$8,1
Register Write to Reg: 0x08 Val: 0x00004000
[inst #53] and $10,$8,$9
Register Write to Reg: 0x0A Val: 0x00004000
[inst #54] and $11,$9,$8
Register Write to Reg: 0x0B Val: 0x00004000
[inst #55] sll $8,$8,1
Register Write to Reg: 0x08 Val: 0x00008000
[inst #56] and $10,$8,$9
Register Write to Reg: 0x0A Val: 0x00008000
[inst #57] and $11,$9,$8
Register Write to Reg: 0x0B Val: 0x00008000
[inst #58] sll $8,$8,1
Register Write to Reg: 0x08 Val: 0x00010000
[inst #59] and $10,$8,$9
Register Write to Reg: 0x0A Val: 0x00010000
[inst #60] and $11,$9,$8
Register Write to Reg: 0x0B Val: 0x00010000
[inst #61] sll $8,$8,1
Register Write to Reg: 0x08 Val: 0x00020000
[inst #62] and $10,$8,$9
Register Write to Reg: 0x0A Val: 0x00020000
[inst #63] and $11,$9,$8
Register Write to Reg: 0x0B Val: 0x00020000
[inst #64] sll $8,$8,1
Register Write to Reg: 0x08 Val: 0x00040000
[inst #65] and $10,$8,$9
Register Write to Reg: 0x0A Val: 0x00040000
[inst #66] and $11,$9,$8
Register Write to Reg: 0x0B Val: 0x00040000
[inst #67] sll $8,$8,1
Register Write to Reg: 0x08 Val: 0x00080000
[inst #68] and $10,$8,$9
Register Write to Reg: 0x0A Val: 0x00080000
[inst #69] and $11,$9,$8
Register Write to Reg: 0x0B Val: 0x00080000
[inst #70] sll $8,$8,1
Register Write to Reg: 0x08 Val: 0x00100000
[inst #71] and $10,$8,$9
Register Write to Reg: 0x0A Val: 0x00100000
[inst #72] and $11,$9,$8
Register Write to Reg: 0x0B Val: 0x00100000
[inst #73] sll $8,$8,1
Register Write to Reg: 0x08 Val: 0x00200000
[inst #74] and $10,$8,$9
Register Write to Reg: 0x0A Val: 0x00200000
[inst #75] and $11,$9,$8
Register Write to Reg: 0x0B Val: 0x00200000
[inst #76] sll $8,$8,1
Register Write to Reg: 0x08 Val: 0x00400000
[inst #77] and $10,$8,$9
Register Write to Reg: 0x0A Val: 0x00400000
[inst #78] and $11,$9,$8
Register Write to Reg: 0x0B Val: 0x00400000
[inst #79] sll $8,$8,1
Register Write to Reg: 0x08 Val: 0x00800000
[inst #80] and $10,$8,$9
Register Write to Reg: 0x0A Val: 0x00800000
[inst #81] and $11,$9,$8
Register Write to Reg: 0x0B Val: 0x00800000
[inst #82] sll $8,$8,1
Register Write to Reg: 0x08 Val: 0x01000000
[inst #83] and $10,$8,$9
Register Write to Reg: 0x0A Val: 0x01000000
[inst #84] and $11,$9,$8
Register Write to Reg: 0x0B Val: 0x01000000
[inst #85] sll $8,$8,1
Register Write to Reg: 0x08 Val: 0x02000000
[inst #86] and $10,$8,$9
Register Write to Reg: 0x0A Val: 0x02000000
[inst #87] and $11,$9,$8
Register Write to Reg: 0x0B Val: 0x02000000
[inst #88] sll $8,$8,1
Register Write to Reg: 0x08 Val: 0x04000000
[inst #89] and $10,$8,$9
Register Write to Reg: 0x0A Val: 0x04000000
[inst #90] and $11,$9,$8
Register Write to Reg: 0x0B Val: 0x04000000
[inst #91] sll $8,$8,1
Register Write to Reg: 0x08 Val: 0x08000000
[inst #92] and $10,$8,$9
Register Write to Reg: 0x0A Val: 0x08000000
[inst #93] and $11,$9,$8
Register Write to Reg: 0x0B Val: 0x08000000
[inst #94] sll $8,$8,1
Register Write to Reg: 0x08 Val: 0x10000000
[inst #95] and $10,$8,$9
Register Write to Reg: 0x0A Val: 0x10000000
[inst #96] and $11,$9,$8
Register Write to Reg: 0x0B Val: 0x10000000
[inst #97] sll $8,$8,1
Register Write to Reg: 0x08 Val: 0x20000000
[inst #98] and $10,$8,$9
Register Write to Reg: 0x0A Val: 0x20000000
[inst #99] and $11,$9,$8
Register Write to Reg: 0x0B Val: 0x20000000
[inst #100] sll $8,$8,1
Register Write to Reg: 0x08 Val: 0x40000000
[inst #101] and $10,$8,$9
Register Write to Reg: 0x0A Val: 0x40000000
[inst #102] and $11,$9,$8
Register Write to Reg: 0x0B Val: 0x40000000
[inst #103] sll $8,$8,1
Register Write to Reg: 0x08 Val: 0x80000000
[inst #104] and $10,$8,$9
Register Write to Reg: 0x0A Val: 0x80000000
[inst #105] and $11,$9,$8
Register Write to Reg: 0x0B Val: 0x80000000
[inst #106] halt 

