In clock cycle: 0
Register Write to Reg: 0x04 Val: 0x10010000
In clock cycle: 1
Register Write to Reg: 0x04 Val: 0x10010000
In clock cycle: 2
Register Write to Reg: 0x00 Val: 0x000000FF
In clock cycle: 3
Register Write to Reg: 0x01 Val: 0x000000FF
In clock cycle: 4
Register Write to Reg: 0x02 Val: 0x000000FF
In clock cycle: 5
Register Write to Reg: 0x05 Val: 0x000000FF
In clock cycle: 6
Register Write to Reg: 0x08 Val: 0x000000FF
In clock cycle: 7
Register Write to Reg: 0x10 Val: 0x000000FF
In clock cycle: 8
Register Write to Reg: 0x1A Val: 0x000000FF
In clock cycle: 9
Register Write to Reg: 0x1C Val: 0x000000FF
In clock cycle: 10
Register Write to Reg: 0x1D Val: 0x000000FF
In clock cycle: 11
Register Write to Reg: 0x1E Val: 0x000000FF
In clock cycle: 12
Register Write to Reg: 0x1F Val: 0x000000FF
Execution is stopping! Clock Cycle: 13
