[inst #1] lui $1,4097
Register Write to Reg: 0x01 Val: 0x10010000
[inst #2] ori $4,$1,0
Register Write to Reg: 0x04 Val: 0x10010000
[inst #3] lui $1,4097
Register Write to Reg: 0x01 Val: 0x10010000
[inst #4] ori $5,$1,20
Register Write to Reg: 0x05 Val: 0x10010014
[inst #5] addiu $2,$0,4
Register Write to Reg: 0x02 Val: 0x00000004
[inst #6] lui $1,4097
Register Write to Reg: 0x01 Val: 0x10010000
[inst #7] ori $4,$1,26
Register Write to Reg: 0x04 Val: 0x1001001A
[inst #8] syscall 
Array before sorting: 
[inst #9] lui $1,4097
Register Write to Reg: 0x01 Val: 0x10010000
[inst #10] ori $4,$1,0
Register Write to Reg: 0x04 Val: 0x10010000
[inst #11] lui $1,4097
Register Write to Reg: 0x01 Val: 0x10010000
[inst #12] ori $5,$1,20
Register Write to Reg: 0x05 Val: 0x10010014
[inst #13] jal 4194440
Register Write to Reg: 0x1F Val: 0x00400034
[inst #14] lw $9,0($5)
Register Write to Reg: 0x09 Val: 0x00000005
[inst #15] addiu $8,$0,0
Register Write to Reg: 0x08 Val: 0x00000000
[inst #16] addu $11,$0,$4
Register Write to Reg: 0x0B Val: 0x10010000
[inst #17] lw $10,0($11)
Register Write to Reg: 0x0A Val: 0x00000005
[inst #18] addiu $2,$0,1
Register Write to Reg: 0x02 Val: 0x00000001
[inst #19] addu $4,$0,$10
Register Write to Reg: 0x04 Val: 0x00000005
[inst #20] syscall 
5[inst #21] addiu $2,$0,4
Register Write to Reg: 0x02 Val: 0x00000004
[inst #22] lui $1,4097
Register Write to Reg: 0x01 Val: 0x10010000
[inst #23] ori $4,$1,73
Register Write to Reg: 0x04 Val: 0x10010049
[inst #24] syscall 
 [inst #25] addi $11,$11,4
Register Write to Reg: 0x0B Val: 0x10010004
[inst #26] addi $8,$8,1
Register Write to Reg: 0x08 Val: 0x00000001
[inst #27] slt $1,$8,$9
Register Write to Reg: 0x01 Val: 0x00000001
[inst #28] bne $1,$0,-12
[inst #29] lw $10,0($11)
Register Write to Reg: 0x0A Val: 0x00000003
[inst #30] addiu $2,$0,1
Register Write to Reg: 0x02 Val: 0x00000001
[inst #31] addu $4,$0,$10
Register Write to Reg: 0x04 Val: 0x00000003
[inst #32] syscall 
3[inst #33] addiu $2,$0,4
Register Write to Reg: 0x02 Val: 0x00000004
[inst #34] lui $1,4097
Register Write to Reg: 0x01 Val: 0x10010000
[inst #35] ori $4,$1,73
Register Write to Reg: 0x04 Val: 0x10010049
[inst #36] syscall 
 [inst #37] addi $11,$11,4
Register Write to Reg: 0x0B Val: 0x10010008
[inst #38] addi $8,$8,1
Register Write to Reg: 0x08 Val: 0x00000002
[inst #39] slt $1,$8,$9
Register Write to Reg: 0x01 Val: 0x00000001
[inst #40] bne $1,$0,-12
[inst #41] lw $10,0($11)
Register Write to Reg: 0x0A Val: 0x00000009
[inst #42] addiu $2,$0,1
Register Write to Reg: 0x02 Val: 0x00000001
[inst #43] addu $4,$0,$10
Register Write to Reg: 0x04 Val: 0x00000009
[inst #44] syscall 
9[inst #45] addiu $2,$0,4
Register Write to Reg: 0x02 Val: 0x00000004
[inst #46] lui $1,4097
Register Write to Reg: 0x01 Val: 0x10010000
[inst #47] ori $4,$1,73
Register Write to Reg: 0x04 Val: 0x10010049
[inst #48] syscall 
 [inst #49] addi $11,$11,4
Register Write to Reg: 0x0B Val: 0x1001000C
[inst #50] addi $8,$8,1
Register Write to Reg: 0x08 Val: 0x00000003
[inst #51] slt $1,$8,$9
Register Write to Reg: 0x01 Val: 0x00000001
[inst #52] bne $1,$0,-12
[inst #53] lw $10,0($11)
Register Write to Reg: 0x0A Val: 0x00000001
[inst #54] addiu $2,$0,1
Register Write to Reg: 0x02 Val: 0x00000001
[inst #55] addu $4,$0,$10
Register Write to Reg: 0x04 Val: 0x00000001
[inst #56] syscall 
1[inst #57] addiu $2,$0,4
Register Write to Reg: 0x02 Val: 0x00000004
[inst #58] lui $1,4097
Register Write to Reg: 0x01 Val: 0x10010000
[inst #59] ori $4,$1,73
Register Write to Reg: 0x04 Val: 0x10010049
[inst #60] syscall 
 [inst #61] addi $11,$11,4
Register Write to Reg: 0x0B Val: 0x10010010
[inst #62] addi $8,$8,1
Register Write to Reg: 0x08 Val: 0x00000004
[inst #63] slt $1,$8,$9
Register Write to Reg: 0x01 Val: 0x00000001
[inst #64] bne $1,$0,-12
[inst #65] lw $10,0($11)
Register Write to Reg: 0x0A Val: 0x00000007
[inst #66] addiu $2,$0,1
Register Write to Reg: 0x02 Val: 0x00000001
[inst #67] addu $4,$0,$10
Register Write to Reg: 0x04 Val: 0x00000007
[inst #68] syscall 
7[inst #69] addiu $2,$0,4
Register Write to Reg: 0x02 Val: 0x00000004
[inst #70] lui $1,4097
Register Write to Reg: 0x01 Val: 0x10010000
[inst #71] ori $4,$1,73
Register Write to Reg: 0x04 Val: 0x10010049
[inst #72] syscall 
 [inst #73] addi $11,$11,4
Register Write to Reg: 0x0B Val: 0x10010014
[inst #74] addi $8,$8,1
Register Write to Reg: 0x08 Val: 0x00000005
[inst #75] slt $1,$8,$9
Register Write to Reg: 0x01 Val: 0x00000000
[inst #76] bne $1,$0,-12
[inst #77] jr $31
[inst #78] lui $1,4097
Register Write to Reg: 0x01 Val: 0x10010000
[inst #79] ori $4,$1,0
Register Write to Reg: 0x04 Val: 0x10010000
[inst #80] lui $1,4097
Register Write to Reg: 0x01 Val: 0x10010000
[inst #81] lw $5,20($1)
Register Write to Reg: 0x05 Val: 0x00000005
[inst #82] jal 4194504
Register Write to Reg: 0x1F Val: 0x00400048
[inst #83] addi $8,$0,0
Register Write to Reg: 0x08 Val: 0x00000000
[inst #84] addi $9,$0,0
Register Write to Reg: 0x09 Val: 0x00000000
[inst #85] addi $10,$0,0
Register Write to Reg: 0x0A Val: 0x00000000
[inst #86] addi $1,$0,1
Register Write to Reg: 0x01 Val: 0x00000001
[inst #87] sub $11,$5,$1
Register Write to Reg: 0x0B Val: 0x00000004
[inst #88] ori $1,$0,0
Register Write to Reg: 0x01 Val: 0x00000000
[inst #89] add $12,$4,$1
Register Write to Reg: 0x0C Val: 0x10010000
[inst #90] slt $1,$9,$11
Register Write to Reg: 0x01 Val: 0x00000001
[inst #91] beq $1,$0,25
[inst #92] addi $8,$0,0
Register Write to Reg: 0x08 Val: 0x00000000
[inst #93] addi $10,$0,0
Register Write to Reg: 0x0A Val: 0x00000000
[inst #94] sub $13,$11,$9
Register Write to Reg: 0x0D Val: 0x00000004
[inst #95] slt $1,$10,$13
Register Write to Reg: 0x01 Val: 0x00000001
[inst #96] beq $1,$0,16
[inst #97] sll $14,$10,2
Register Write to Reg: 0x0E Val: 0x00000000
[inst #98] add $14,$12,$14
Register Write to Reg: 0x0E Val: 0x10010000
[inst #99] addi $10,$10,1
Register Write to Reg: 0x0A Val: 0x00000001
[inst #100] sll $15,$10,2
Register Write to Reg: 0x0F Val: 0x00000004
[inst #101] addi $1,$0,1
Register Write to Reg: 0x01 Val: 0x00000001
[inst #102] sub $10,$10,$1
Register Write to Reg: 0x0A Val: 0x00000000
[inst #103] add $15,$12,$15
Register Write to Reg: 0x0F Val: 0x10010004
[inst #104] lw $24,0($14)
Register Write to Reg: 0x18 Val: 0x00000005
[inst #105] lw $25,0($15)
Register Write to Reg: 0x19 Val: 0x00000003
[inst #106] slt $1,$25,$24
Register Write to Reg: 0x01 Val: 0x00000001
[inst #107] beq $1,$0,3
[inst #108] sw $24,0($15)
Memory Write to Addr: 0x10010004 Val: 0x00000005
[inst #109] sw $25,0($14)
Memory Write to Addr: 0x10010000 Val: 0x00000003
[inst #110] addi $8,$8,1
Register Write to Reg: 0x08 Val: 0x00000001
[inst #111] addi $10,$10,1
Register Write to Reg: 0x0A Val: 0x00000001
[inst #112] j 4194548
[inst #113] sub $13,$11,$9
Register Write to Reg: 0x0D Val: 0x00000004
[inst #114] slt $1,$10,$13
Register Write to Reg: 0x01 Val: 0x00000001
[inst #115] beq $1,$0,16
[inst #116] sll $14,$10,2
Register Write to Reg: 0x0E Val: 0x00000004
[inst #117] add $14,$12,$14
Register Write to Reg: 0x0E Val: 0x10010004
[inst #118] addi $10,$10,1
Register Write to Reg: 0x0A Val: 0x00000002
[inst #119] sll $15,$10,2
Register Write to Reg: 0x0F Val: 0x00000008
[inst #120] addi $1,$0,1
Register Write to Reg: 0x01 Val: 0x00000001
[inst #121] sub $10,$10,$1
Register Write to Reg: 0x0A Val: 0x00000001
[inst #122] add $15,$12,$15
Register Write to Reg: 0x0F Val: 0x10010008
[inst #123] lw $24,0($14)
Register Write to Reg: 0x18 Val: 0x00000005
[inst #124] lw $25,0($15)
Register Write to Reg: 0x19 Val: 0x00000009
[inst #125] slt $1,$25,$24
Register Write to Reg: 0x01 Val: 0x00000000
[inst #126] beq $1,$0,3
[inst #127] addi $10,$10,1
Register Write to Reg: 0x0A Val: 0x00000002
[inst #128] j 4194548
[inst #129] sub $13,$11,$9
Register Write to Reg: 0x0D Val: 0x00000004
[inst #130] slt $1,$10,$13
Register Write to Reg: 0x01 Val: 0x00000001
[inst #131] beq $1,$0,16
[inst #132] sll $14,$10,2
Register Write to Reg: 0x0E Val: 0x00000008
[inst #133] add $14,$12,$14
Register Write to Reg: 0x0E Val: 0x10010008
[inst #134] addi $10,$10,1
Register Write to Reg: 0x0A Val: 0x00000003
[inst #135] sll $15,$10,2
Register Write to Reg: 0x0F Val: 0x0000000C
[inst #136] addi $1,$0,1
Register Write to Reg: 0x01 Val: 0x00000001
[inst #137] sub $10,$10,$1
Register Write to Reg: 0x0A Val: 0x00000002
[inst #138] add $15,$12,$15
Register Write to Reg: 0x0F Val: 0x1001000C
[inst #139] lw $24,0($14)
Register Write to Reg: 0x18 Val: 0x00000009
[inst #140] lw $25,0($15)
Register Write to Reg: 0x19 Val: 0x00000001
[inst #141] slt $1,$25,$24
Register Write to Reg: 0x01 Val: 0x00000001
[inst #142] beq $1,$0,3
[inst #143] sw $24,0($15)
Memory Write to Addr: 0x1001000C Val: 0x00000009
[inst #144] sw $25,0($14)
Memory Write to Addr: 0x10010008 Val: 0x00000001
[inst #145] addi $8,$8,1
Register Write to Reg: 0x08 Val: 0x00000002
[inst #146] addi $10,$10,1
Register Write to Reg: 0x0A Val: 0x00000003
[inst #147] j 4194548
[inst #148] sub $13,$11,$9
Register Write to Reg: 0x0D Val: 0x00000004
[inst #149] slt $1,$10,$13
Register Write to Reg: 0x01 Val: 0x00000001
[inst #150] beq $1,$0,16
[inst #151] sll $14,$10,2
Register Write to Reg: 0x0E Val: 0x0000000C
[inst #152] add $14,$12,$14
Register Write to Reg: 0x0E Val: 0x1001000C
[inst #153] addi $10,$10,1
Register Write to Reg: 0x0A Val: 0x00000004
[inst #154] sll $15,$10,2
Register Write to Reg: 0x0F Val: 0x00000010
[inst #155] addi $1,$0,1
Register Write to Reg: 0x01 Val: 0x00000001
[inst #156] sub $10,$10,$1
Register Write to Reg: 0x0A Val: 0x00000003
[inst #157] add $15,$12,$15
Register Write to Reg: 0x0F Val: 0x10010010
[inst #158] lw $24,0($14)
Register Write to Reg: 0x18 Val: 0x00000009
[inst #159] lw $25,0($15)
Register Write to Reg: 0x19 Val: 0x00000007
[inst #160] slt $1,$25,$24
Register Write to Reg: 0x01 Val: 0x00000001
[inst #161] beq $1,$0,3
[inst #162] sw $24,0($15)
Memory Write to Addr: 0x10010010 Val: 0x00000009
[inst #163] sw $25,0($14)
Memory Write to Addr: 0x1001000C Val: 0x00000007
[inst #164] addi $8,$8,1
Register Write to Reg: 0x08 Val: 0x00000003
[inst #165] addi $10,$10,1
Register Write to Reg: 0x0A Val: 0x00000004
[inst #166] j 4194548
[inst #167] sub $13,$11,$9
Register Write to Reg: 0x0D Val: 0x00000004
[inst #168] slt $1,$10,$13
Register Write to Reg: 0x01 Val: 0x00000000
[inst #169] beq $1,$0,16
[inst #170] bne $8,$0,1
[inst #171] addi $9,$9,1
Register Write to Reg: 0x09 Val: 0x00000001
[inst #172] j 4194532
[inst #173] slt $1,$9,$11
Register Write to Reg: 0x01 Val: 0x00000001
[inst #174] beq $1,$0,25
[inst #175] addi $8,$0,0
Register Write to Reg: 0x08 Val: 0x00000000
[inst #176] addi $10,$0,0
Register Write to Reg: 0x0A Val: 0x00000000
[inst #177] sub $13,$11,$9
Register Write to Reg: 0x0D Val: 0x00000003
[inst #178] slt $1,$10,$13
Register Write to Reg: 0x01 Val: 0x00000001
[inst #179] beq $1,$0,16
[inst #180] sll $14,$10,2
Register Write to Reg: 0x0E Val: 0x00000000
[inst #181] add $14,$12,$14
Register Write to Reg: 0x0E Val: 0x10010000
[inst #182] addi $10,$10,1
Register Write to Reg: 0x0A Val: 0x00000001
[inst #183] sll $15,$10,2
Register Write to Reg: 0x0F Val: 0x00000004
[inst #184] addi $1,$0,1
Register Write to Reg: 0x01 Val: 0x00000001
[inst #185] sub $10,$10,$1
Register Write to Reg: 0x0A Val: 0x00000000
[inst #186] add $15,$12,$15
Register Write to Reg: 0x0F Val: 0x10010004
[inst #187] lw $24,0($14)
Register Write to Reg: 0x18 Val: 0x00000003
[inst #188] lw $25,0($15)
Register Write to Reg: 0x19 Val: 0x00000005
[inst #189] slt $1,$25,$24
Register Write to Reg: 0x01 Val: 0x00000000
[inst #190] beq $1,$0,3
[inst #191] addi $10,$10,1
Register Write to Reg: 0x0A Val: 0x00000001
[inst #192] j 4194548
[inst #193] sub $13,$11,$9
Register Write to Reg: 0x0D Val: 0x00000003
[inst #194] slt $1,$10,$13
Register Write to Reg: 0x01 Val: 0x00000001
[inst #195] beq $1,$0,16
[inst #196] sll $14,$10,2
Register Write to Reg: 0x0E Val: 0x00000004
[inst #197] add $14,$12,$14
Register Write to Reg: 0x0E Val: 0x10010004
[inst #198] addi $10,$10,1
Register Write to Reg: 0x0A Val: 0x00000002
[inst #199] sll $15,$10,2
Register Write to Reg: 0x0F Val: 0x00000008
[inst #200] addi $1,$0,1
Register Write to Reg: 0x01 Val: 0x00000001
[inst #201] sub $10,$10,$1
Register Write to Reg: 0x0A Val: 0x00000001
[inst #202] add $15,$12,$15
Register Write to Reg: 0x0F Val: 0x10010008
[inst #203] lw $24,0($14)
Register Write to Reg: 0x18 Val: 0x00000005
[inst #204] lw $25,0($15)
Register Write to Reg: 0x19 Val: 0x00000001
[inst #205] slt $1,$25,$24
Register Write to Reg: 0x01 Val: 0x00000001
[inst #206] beq $1,$0,3
[inst #207] sw $24,0($15)
Memory Write to Addr: 0x10010008 Val: 0x00000005
[inst #208] sw $25,0($14)
Memory Write to Addr: 0x10010004 Val: 0x00000001
[inst #209] addi $8,$8,1
Register Write to Reg: 0x08 Val: 0x00000001
[inst #210] addi $10,$10,1
Register Write to Reg: 0x0A Val: 0x00000002
[inst #211] j 4194548
[inst #212] sub $13,$11,$9
Register Write to Reg: 0x0D Val: 0x00000003
[inst #213] slt $1,$10,$13
Register Write to Reg: 0x01 Val: 0x00000001
[inst #214] beq $1,$0,16
[inst #215] sll $14,$10,2
Register Write to Reg: 0x0E Val: 0x00000008
[inst #216] add $14,$12,$14
Register Write to Reg: 0x0E Val: 0x10010008
[inst #217] addi $10,$10,1
Register Write to Reg: 0x0A Val: 0x00000003
[inst #218] sll $15,$10,2
Register Write to Reg: 0x0F Val: 0x0000000C
[inst #219] addi $1,$0,1
Register Write to Reg: 0x01 Val: 0x00000001
[inst #220] sub $10,$10,$1
Register Write to Reg: 0x0A Val: 0x00000002
[inst #221] add $15,$12,$15
Register Write to Reg: 0x0F Val: 0x1001000C
[inst #222] lw $24,0($14)
Register Write to Reg: 0x18 Val: 0x00000005
[inst #223] lw $25,0($15)
Register Write to Reg: 0x19 Val: 0x00000007
[inst #224] slt $1,$25,$24
Register Write to Reg: 0x01 Val: 0x00000000
[inst #225] beq $1,$0,3
[inst #226] addi $10,$10,1
Register Write to Reg: 0x0A Val: 0x00000003
[inst #227] j 4194548
[inst #228] sub $13,$11,$9
Register Write to Reg: 0x0D Val: 0x00000003
[inst #229] slt $1,$10,$13
Register Write to Reg: 0x01 Val: 0x00000000
[inst #230] beq $1,$0,16
[inst #231] bne $8,$0,1
[inst #232] addi $9,$9,1
Register Write to Reg: 0x09 Val: 0x00000002
[inst #233] j 4194532
[inst #234] slt $1,$9,$11
Register Write to Reg: 0x01 Val: 0x00000001
[inst #235] beq $1,$0,25
[inst #236] addi $8,$0,0
Register Write to Reg: 0x08 Val: 0x00000000
[inst #237] addi $10,$0,0
Register Write to Reg: 0x0A Val: 0x00000000
[inst #238] sub $13,$11,$9
Register Write to Reg: 0x0D Val: 0x00000002
[inst #239] slt $1,$10,$13
Register Write to Reg: 0x01 Val: 0x00000001
[inst #240] beq $1,$0,16
[inst #241] sll $14,$10,2
Register Write to Reg: 0x0E Val: 0x00000000
[inst #242] add $14,$12,$14
Register Write to Reg: 0x0E Val: 0x10010000
[inst #243] addi $10,$10,1
Register Write to Reg: 0x0A Val: 0x00000001
[inst #244] sll $15,$10,2
Register Write to Reg: 0x0F Val: 0x00000004
[inst #245] addi $1,$0,1
Register Write to Reg: 0x01 Val: 0x00000001
[inst #246] sub $10,$10,$1
Register Write to Reg: 0x0A Val: 0x00000000
[inst #247] add $15,$12,$15
Register Write to Reg: 0x0F Val: 0x10010004
[inst #248] lw $24,0($14)
Register Write to Reg: 0x18 Val: 0x00000003
[inst #249] lw $25,0($15)
Register Write to Reg: 0x19 Val: 0x00000001
[inst #250] slt $1,$25,$24
Register Write to Reg: 0x01 Val: 0x00000001
[inst #251] beq $1,$0,3
[inst #252] sw $24,0($15)
Memory Write to Addr: 0x10010004 Val: 0x00000003
[inst #253] sw $25,0($14)
Memory Write to Addr: 0x10010000 Val: 0x00000001
[inst #254] addi $8,$8,1
Register Write to Reg: 0x08 Val: 0x00000001
[inst #255] addi $10,$10,1
Register Write to Reg: 0x0A Val: 0x00000001
[inst #256] j 4194548
[inst #257] sub $13,$11,$9
Register Write to Reg: 0x0D Val: 0x00000002
[inst #258] slt $1,$10,$13
Register Write to Reg: 0x01 Val: 0x00000001
[inst #259] beq $1,$0,16
[inst #260] sll $14,$10,2
Register Write to Reg: 0x0E Val: 0x00000004
[inst #261] add $14,$12,$14
Register Write to Reg: 0x0E Val: 0x10010004
[inst #262] addi $10,$10,1
Register Write to Reg: 0x0A Val: 0x00000002
[inst #263] sll $15,$10,2
Register Write to Reg: 0x0F Val: 0x00000008
[inst #264] addi $1,$0,1
Register Write to Reg: 0x01 Val: 0x00000001
[inst #265] sub $10,$10,$1
Register Write to Reg: 0x0A Val: 0x00000001
[inst #266] add $15,$12,$15
Register Write to Reg: 0x0F Val: 0x10010008
[inst #267] lw $24,0($14)
Register Write to Reg: 0x18 Val: 0x00000003
[inst #268] lw $25,0($15)
Register Write to Reg: 0x19 Val: 0x00000005
[inst #269] slt $1,$25,$24
Register Write to Reg: 0x01 Val: 0x00000000
[inst #270] beq $1,$0,3
[inst #271] addi $10,$10,1
Register Write to Reg: 0x0A Val: 0x00000002
[inst #272] j 4194548
[inst #273] sub $13,$11,$9
Register Write to Reg: 0x0D Val: 0x00000002
[inst #274] slt $1,$10,$13
Register Write to Reg: 0x01 Val: 0x00000000
[inst #275] beq $1,$0,16
[inst #276] bne $8,$0,1
[inst #277] addi $9,$9,1
Register Write to Reg: 0x09 Val: 0x00000003
[inst #278] j 4194532
[inst #279] slt $1,$9,$11
Register Write to Reg: 0x01 Val: 0x00000001
[inst #280] beq $1,$0,25
[inst #281] addi $8,$0,0
Register Write to Reg: 0x08 Val: 0x00000000
[inst #282] addi $10,$0,0
Register Write to Reg: 0x0A Val: 0x00000000
[inst #283] sub $13,$11,$9
Register Write to Reg: 0x0D Val: 0x00000001
[inst #284] slt $1,$10,$13
Register Write to Reg: 0x01 Val: 0x00000001
[inst #285] beq $1,$0,16
[inst #286] sll $14,$10,2
Register Write to Reg: 0x0E Val: 0x00000000
[inst #287] add $14,$12,$14
Register Write to Reg: 0x0E Val: 0x10010000
[inst #288] addi $10,$10,1
Register Write to Reg: 0x0A Val: 0x00000001
[inst #289] sll $15,$10,2
Register Write to Reg: 0x0F Val: 0x00000004
[inst #290] addi $1,$0,1
Register Write to Reg: 0x01 Val: 0x00000001
[inst #291] sub $10,$10,$1
Register Write to Reg: 0x0A Val: 0x00000000
[inst #292] add $15,$12,$15
Register Write to Reg: 0x0F Val: 0x10010004
[inst #293] lw $24,0($14)
Register Write to Reg: 0x18 Val: 0x00000001
[inst #294] lw $25,0($15)
Register Write to Reg: 0x19 Val: 0x00000003
[inst #295] slt $1,$25,$24
Register Write to Reg: 0x01 Val: 0x00000000
[inst #296] beq $1,$0,3
[inst #297] addi $10,$10,1
Register Write to Reg: 0x0A Val: 0x00000001
[inst #298] j 4194548
[inst #299] sub $13,$11,$9
Register Write to Reg: 0x0D Val: 0x00000001
[inst #300] slt $1,$10,$13
Register Write to Reg: 0x01 Val: 0x00000000
[inst #301] beq $1,$0,16
[inst #302] bne $8,$0,1
[inst #303] j 4194640
[inst #304] jr $31
[inst #305] addiu $2,$0,4
Register Write to Reg: 0x02 Val: 0x00000004
[inst #306] lui $1,4097
Register Write to Reg: 0x01 Val: 0x10010000
[inst #307] ori $4,$1,24
Register Write to Reg: 0x04 Val: 0x10010018
[inst #308] syscall 

[inst #309] addiu $2,$0,4
Register Write to Reg: 0x02 Val: 0x00000004
[inst #310] lui $1,4097
Register Write to Reg: 0x01 Val: 0x10010000
[inst #311] ori $4,$1,50
Register Write to Reg: 0x04 Val: 0x10010032
[inst #312] syscall 
Array after sorting: 
[inst #313] lui $1,4097
Register Write to Reg: 0x01 Val: 0x10010000
[inst #314] ori $4,$1,0
Register Write to Reg: 0x04 Val: 0x10010000
[inst #315] lui $1,4097
Register Write to Reg: 0x01 Val: 0x10010000
[inst #316] ori $5,$1,20
Register Write to Reg: 0x05 Val: 0x10010014
[inst #317] jal 4194440
Register Write to Reg: 0x1F Val: 0x0040007C
[inst #318] lw $9,0($5)
Register Write to Reg: 0x09 Val: 0x00000005
[inst #319] addiu $8,$0,0
Register Write to Reg: 0x08 Val: 0x00000000
[inst #320] addu $11,$0,$4
Register Write to Reg: 0x0B Val: 0x10010000
[inst #321] lw $10,0($11)
Register Write to Reg: 0x0A Val: 0x00000001
[inst #322] addiu $2,$0,1
Register Write to Reg: 0x02 Val: 0x00000001
[inst #323] addu $4,$0,$10
Register Write to Reg: 0x04 Val: 0x00000001
[inst #324] syscall 
1[inst #325] addiu $2,$0,4
Register Write to Reg: 0x02 Val: 0x00000004
[inst #326] lui $1,4097
Register Write to Reg: 0x01 Val: 0x10010000
[inst #327] ori $4,$1,73
Register Write to Reg: 0x04 Val: 0x10010049
[inst #328] syscall 
 [inst #329] addi $11,$11,4
Register Write to Reg: 0x0B Val: 0x10010004
[inst #330] addi $8,$8,1
Register Write to Reg: 0x08 Val: 0x00000001
[inst #331] slt $1,$8,$9
Register Write to Reg: 0x01 Val: 0x00000001
[inst #332] bne $1,$0,-12
[inst #333] lw $10,0($11)
Register Write to Reg: 0x0A Val: 0x00000003
[inst #334] addiu $2,$0,1
Register Write to Reg: 0x02 Val: 0x00000001
[inst #335] addu $4,$0,$10
Register Write to Reg: 0x04 Val: 0x00000003
[inst #336] syscall 
3[inst #337] addiu $2,$0,4
Register Write to Reg: 0x02 Val: 0x00000004
[inst #338] lui $1,4097
Register Write to Reg: 0x01 Val: 0x10010000
[inst #339] ori $4,$1,73
Register Write to Reg: 0x04 Val: 0x10010049
[inst #340] syscall 
 [inst #341] addi $11,$11,4
Register Write to Reg: 0x0B Val: 0x10010008
[inst #342] addi $8,$8,1
Register Write to Reg: 0x08 Val: 0x00000002
[inst #343] slt $1,$8,$9
Register Write to Reg: 0x01 Val: 0x00000001
[inst #344] bne $1,$0,-12
[inst #345] lw $10,0($11)
Register Write to Reg: 0x0A Val: 0x00000005
[inst #346] addiu $2,$0,1
Register Write to Reg: 0x02 Val: 0x00000001
[inst #347] addu $4,$0,$10
Register Write to Reg: 0x04 Val: 0x00000005
[inst #348] syscall 
5[inst #349] addiu $2,$0,4
Register Write to Reg: 0x02 Val: 0x00000004
[inst #350] lui $1,4097
Register Write to Reg: 0x01 Val: 0x10010000
[inst #351] ori $4,$1,73
Register Write to Reg: 0x04 Val: 0x10010049
[inst #352] syscall 
 [inst #353] addi $11,$11,4
Register Write to Reg: 0x0B Val: 0x1001000C
[inst #354] addi $8,$8,1
Register Write to Reg: 0x08 Val: 0x00000003
[inst #355] slt $1,$8,$9
Register Write to Reg: 0x01 Val: 0x00000001
[inst #356] bne $1,$0,-12
[inst #357] lw $10,0($11)
Register Write to Reg: 0x0A Val: 0x00000007
[inst #358] addiu $2,$0,1
Register Write to Reg: 0x02 Val: 0x00000001
[inst #359] addu $4,$0,$10
Register Write to Reg: 0x04 Val: 0x00000007
[inst #360] syscall 
7[inst #361] addiu $2,$0,4
Register Write to Reg: 0x02 Val: 0x00000004
[inst #362] lui $1,4097
Register Write to Reg: 0x01 Val: 0x10010000
[inst #363] ori $4,$1,73
Register Write to Reg: 0x04 Val: 0x10010049
[inst #364] syscall 
 [inst #365] addi $11,$11,4
Register Write to Reg: 0x0B Val: 0x10010010
[inst #366] addi $8,$8,1
Register Write to Reg: 0x08 Val: 0x00000004
[inst #367] slt $1,$8,$9
Register Write to Reg: 0x01 Val: 0x00000001
[inst #368] bne $1,$0,-12
[inst #369] lw $10,0($11)
Register Write to Reg: 0x0A Val: 0x00000009
[inst #370] addiu $2,$0,1
Register Write to Reg: 0x02 Val: 0x00000001
[inst #371] addu $4,$0,$10
Register Write to Reg: 0x04 Val: 0x00000009
[inst #372] syscall 
9[inst #373] addiu $2,$0,4
Register Write to Reg: 0x02 Val: 0x00000004
[inst #374] lui $1,4097
Register Write to Reg: 0x01 Val: 0x10010000
[inst #375] ori $4,$1,73
Register Write to Reg: 0x04 Val: 0x10010049
[inst #376] syscall 
 [inst #377] addi $11,$11,4
Register Write to Reg: 0x0B Val: 0x10010014
[inst #378] addi $8,$8,1
Register Write to Reg: 0x08 Val: 0x00000005
[inst #379] slt $1,$8,$9
Register Write to Reg: 0x01 Val: 0x00000000
[inst #380] bne $1,$0,-12
[inst #381] jr $31
[inst #382] addiu $2,$0,10
Register Write to Reg: 0x02 Val: 0x0000000A
[inst #383] syscall 

