In clock cycle: 0
Register Write to Reg: 0x01 Val: 0x10010000
In clock cycle: 1
Register Write to Reg: 0x04 Val: 0x10010000
In clock cycle: 2
Register Write to Reg: 0x01 Val: 0x10010000
In clock cycle: 3
Register Write to Reg: 0x05 Val: 0x10010014
In clock cycle: 4
Register Write to Reg: 0x02 Val: 0x00000004
In clock cycle: 5
Register Write to Reg: 0x01 Val: 0x10010000
In clock cycle: 6
Register Write to Reg: 0x04 Val: 0x1001001A
In clock cycle: 7
Register Write to Reg: 0x00 Val: 0x0000000C
In clock cycle: 8
Register Write to Reg: 0x01 Val: 0x10010000
In clock cycle: 9
Register Write to Reg: 0x04 Val: 0x10010000
In clock cycle: 10
Register Write to Reg: 0x01 Val: 0x10010000
In clock cycle: 11
Register Write to Reg: 0x05 Val: 0x10010014
In clock cycle: 12
Register Write to Reg: 0x1F Val: 0x00400034
In clock cycle: 13
Register Write to Reg: 0x09 Val: 0x00000005
In clock cycle: 14
Register Write to Reg: 0x08 Val: 0x00000000
In clock cycle: 15
Register Write to Reg: 0x0B Val: 0x10010000
In clock cycle: 16
Register Write to Reg: 0x0A Val: 0x00000005
In clock cycle: 17
Register Write to Reg: 0x02 Val: 0x00000001
In clock cycle: 18
Register Write to Reg: 0x04 Val: 0x00000005
In clock cycle: 19
Register Write to Reg: 0x00 Val: 0x00000000
In clock cycle: 20
Register Write to Reg: 0x02 Val: 0x00000004
In clock cycle: 21
Register Write to Reg: 0x01 Val: 0x10010000
In clock cycle: 22
Register Write to Reg: 0x04 Val: 0x10010049
In clock cycle: 23
Register Write to Reg: 0x00 Val: 0x0000000C
In clock cycle: 24
Register Write to Reg: 0x0B Val: 0x10010004
In clock cycle: 25
Register Write to Reg: 0x08 Val: 0x00000001
In clock cycle: 26
Register Write to Reg: 0x01 Val: 0x00000001
In clock cycle: 28
Register Write to Reg: 0x0A Val: 0x00000003
In clock cycle: 29
Register Write to Reg: 0x02 Val: 0x00000001
In clock cycle: 30
Register Write to Reg: 0x04 Val: 0x00000003
In clock cycle: 31
Register Write to Reg: 0x00 Val: 0x00000000
In clock cycle: 32
Register Write to Reg: 0x02 Val: 0x00000004
In clock cycle: 33
Register Write to Reg: 0x01 Val: 0x10010000
In clock cycle: 34
Register Write to Reg: 0x04 Val: 0x10010049
In clock cycle: 35
Register Write to Reg: 0x00 Val: 0x0000000C
In clock cycle: 36
Register Write to Reg: 0x0B Val: 0x10010008
In clock cycle: 37
Register Write to Reg: 0x08 Val: 0x00000002
In clock cycle: 38
Register Write to Reg: 0x01 Val: 0x00000001
In clock cycle: 40
Register Write to Reg: 0x0A Val: 0x00000009
In clock cycle: 41
Register Write to Reg: 0x02 Val: 0x00000001
In clock cycle: 42
Register Write to Reg: 0x04 Val: 0x00000009
In clock cycle: 43
Register Write to Reg: 0x00 Val: 0x00000000
In clock cycle: 44
Register Write to Reg: 0x02 Val: 0x00000004
In clock cycle: 45
Register Write to Reg: 0x01 Val: 0x10010000
In clock cycle: 46
Register Write to Reg: 0x04 Val: 0x10010049
In clock cycle: 47
Register Write to Reg: 0x00 Val: 0x0000000C
In clock cycle: 48
Register Write to Reg: 0x0B Val: 0x1001000C
In clock cycle: 49
Register Write to Reg: 0x08 Val: 0x00000003
In clock cycle: 50
Register Write to Reg: 0x01 Val: 0x00000001
In clock cycle: 52
Register Write to Reg: 0x0A Val: 0x00000001
In clock cycle: 53
Register Write to Reg: 0x02 Val: 0x00000001
In clock cycle: 54
Register Write to Reg: 0x04 Val: 0x00000001
In clock cycle: 55
Register Write to Reg: 0x00 Val: 0x00000000
In clock cycle: 56
Register Write to Reg: 0x02 Val: 0x00000004
In clock cycle: 57
Register Write to Reg: 0x01 Val: 0x10010000
In clock cycle: 58
Register Write to Reg: 0x04 Val: 0x10010049
In clock cycle: 59
Register Write to Reg: 0x00 Val: 0x0000000C
In clock cycle: 60
Register Write to Reg: 0x0B Val: 0x10010010
In clock cycle: 61
Register Write to Reg: 0x08 Val: 0x00000004
In clock cycle: 62
Register Write to Reg: 0x01 Val: 0x00000001
In clock cycle: 64
Register Write to Reg: 0x0A Val: 0x00000007
In clock cycle: 65
Register Write to Reg: 0x02 Val: 0x00000001
In clock cycle: 66
Register Write to Reg: 0x04 Val: 0x00000007
In clock cycle: 67
Register Write to Reg: 0x00 Val: 0x00000000
In clock cycle: 68
Register Write to Reg: 0x02 Val: 0x00000004
In clock cycle: 69
Register Write to Reg: 0x01 Val: 0x10010000
In clock cycle: 70
Register Write to Reg: 0x04 Val: 0x10010049
In clock cycle: 71
Register Write to Reg: 0x00 Val: 0x0000000C
In clock cycle: 72
Register Write to Reg: 0x0B Val: 0x10010014
In clock cycle: 73
Register Write to Reg: 0x08 Val: 0x00000005
In clock cycle: 74
Register Write to Reg: 0x01 Val: 0x00000000
In clock cycle: 76
Register Write to Reg: 0x00 Val: 0x00000000
In clock cycle: 77
Register Write to Reg: 0x01 Val: 0x10010000
In clock cycle: 78
Register Write to Reg: 0x04 Val: 0x10010000
In clock cycle: 79
Register Write to Reg: 0x01 Val: 0x10010000
In clock cycle: 80
Register Write to Reg: 0x05 Val: 0x00000005
In clock cycle: 81
Register Write to Reg: 0x1F Val: 0x00400048
In clock cycle: 82
Register Write to Reg: 0x08 Val: 0x00000000
In clock cycle: 83
Register Write to Reg: 0x09 Val: 0x00000000
In clock cycle: 84
Register Write to Reg: 0x0A Val: 0x00000000
In clock cycle: 85
Register Write to Reg: 0x01 Val: 0x00000001
In clock cycle: 86
Register Write to Reg: 0x0B Val: 0x00000004
In clock cycle: 87
Register Write to Reg: 0x01 Val: 0x00000000
In clock cycle: 88
Register Write to Reg: 0x0C Val: 0x10010000
In clock cycle: 89
Register Write to Reg: 0x01 Val: 0x00000001
In clock cycle: 91
Register Write to Reg: 0x08 Val: 0x00000000
In clock cycle: 92
Register Write to Reg: 0x0A Val: 0x00000000
In clock cycle: 93
Register Write to Reg: 0x0D Val: 0x00000004
In clock cycle: 94
Register Write to Reg: 0x01 Val: 0x00000001
In clock cycle: 96
Register Write to Reg: 0x0E Val: 0x00000000
In clock cycle: 97
Register Write to Reg: 0x0E Val: 0x10010000
In clock cycle: 98
Register Write to Reg: 0x0A Val: 0x00000001
In clock cycle: 99
Register Write to Reg: 0x0F Val: 0x00000004
In clock cycle: 100
Register Write to Reg: 0x01 Val: 0x00000001
In clock cycle: 101
Register Write to Reg: 0x0A Val: 0x00000000
In clock cycle: 102
Register Write to Reg: 0x0F Val: 0x10010004
In clock cycle: 103
Register Write to Reg: 0x18 Val: 0x00000005
In clock cycle: 104
Register Write to Reg: 0x19 Val: 0x00000003
In clock cycle: 105
Register Write to Reg: 0x01 Val: 0x00000001
In clock cycle: 107
Memory Write to Addr: 0x10010004 Val: 0x00000005
In clock cycle: 108
Memory Write to Addr: 0x10010000 Val: 0x00000003
In clock cycle: 109
Register Write to Reg: 0x08 Val: 0x00000001
In clock cycle: 110
Register Write to Reg: 0x0A Val: 0x00000001
In clock cycle: 112
Register Write to Reg: 0x0D Val: 0x00000004
In clock cycle: 113
Register Write to Reg: 0x01 Val: 0x00000001
In clock cycle: 115
Register Write to Reg: 0x0E Val: 0x00000004
In clock cycle: 116
Register Write to Reg: 0x0E Val: 0x10010004
In clock cycle: 117
Register Write to Reg: 0x0A Val: 0x00000002
In clock cycle: 118
Register Write to Reg: 0x0F Val: 0x00000008
In clock cycle: 119
Register Write to Reg: 0x01 Val: 0x00000001
In clock cycle: 120
Register Write to Reg: 0x0A Val: 0x00000001
In clock cycle: 121
Register Write to Reg: 0x0F Val: 0x10010008
In clock cycle: 122
Register Write to Reg: 0x18 Val: 0x00000005
In clock cycle: 123
Register Write to Reg: 0x19 Val: 0x00000009
In clock cycle: 124
Register Write to Reg: 0x01 Val: 0x00000000
In clock cycle: 126
Register Write to Reg: 0x0A Val: 0x00000002
In clock cycle: 128
Register Write to Reg: 0x0D Val: 0x00000004
In clock cycle: 129
Register Write to Reg: 0x01 Val: 0x00000001
In clock cycle: 131
Register Write to Reg: 0x0E Val: 0x00000008
In clock cycle: 132
Register Write to Reg: 0x0E Val: 0x10010008
In clock cycle: 133
Register Write to Reg: 0x0A Val: 0x00000003
In clock cycle: 134
Register Write to Reg: 0x0F Val: 0x0000000C
In clock cycle: 135
Register Write to Reg: 0x01 Val: 0x00000001
In clock cycle: 136
Register Write to Reg: 0x0A Val: 0x00000002
In clock cycle: 137
Register Write to Reg: 0x0F Val: 0x1001000C
In clock cycle: 138
Register Write to Reg: 0x18 Val: 0x00000009
In clock cycle: 139
Register Write to Reg: 0x19 Val: 0x00000001
In clock cycle: 140
Register Write to Reg: 0x01 Val: 0x00000001
In clock cycle: 142
Memory Write to Addr: 0x1001000C Val: 0x00000009
In clock cycle: 143
Memory Write to Addr: 0x10010008 Val: 0x00000001
In clock cycle: 144
Register Write to Reg: 0x08 Val: 0x00000002
In clock cycle: 145
Register Write to Reg: 0x0A Val: 0x00000003
In clock cycle: 147
Register Write to Reg: 0x0D Val: 0x00000004
In clock cycle: 148
Register Write to Reg: 0x01 Val: 0x00000001
In clock cycle: 150
Register Write to Reg: 0x0E Val: 0x0000000C
In clock cycle: 151
Register Write to Reg: 0x0E Val: 0x1001000C
In clock cycle: 152
Register Write to Reg: 0x0A Val: 0x00000004
In clock cycle: 153
Register Write to Reg: 0x0F Val: 0x00000010
In clock cycle: 154
Register Write to Reg: 0x01 Val: 0x00000001
In clock cycle: 155
Register Write to Reg: 0x0A Val: 0x00000003
In clock cycle: 156
Register Write to Reg: 0x0F Val: 0x10010010
In clock cycle: 157
Register Write to Reg: 0x18 Val: 0x00000009
In clock cycle: 158
Register Write to Reg: 0x19 Val: 0x00000007
In clock cycle: 159
Register Write to Reg: 0x01 Val: 0x00000001
In clock cycle: 161
Memory Write to Addr: 0x10010010 Val: 0x00000009
In clock cycle: 162
Memory Write to Addr: 0x1001000C Val: 0x00000007
In clock cycle: 163
Register Write to Reg: 0x08 Val: 0x00000003
In clock cycle: 164
Register Write to Reg: 0x0A Val: 0x00000004
In clock cycle: 166
Register Write to Reg: 0x0D Val: 0x00000004
In clock cycle: 167
Register Write to Reg: 0x01 Val: 0x00000000
In clock cycle: 170
Register Write to Reg: 0x09 Val: 0x00000001
In clock cycle: 172
Register Write to Reg: 0x01 Val: 0x00000001
In clock cycle: 174
Register Write to Reg: 0x08 Val: 0x00000000
In clock cycle: 175
Register Write to Reg: 0x0A Val: 0x00000000
In clock cycle: 176
Register Write to Reg: 0x0D Val: 0x00000003
In clock cycle: 177
Register Write to Reg: 0x01 Val: 0x00000001
In clock cycle: 179
Register Write to Reg: 0x0E Val: 0x00000000
In clock cycle: 180
Register Write to Reg: 0x0E Val: 0x10010000
In clock cycle: 181
Register Write to Reg: 0x0A Val: 0x00000001
In clock cycle: 182
Register Write to Reg: 0x0F Val: 0x00000004
In clock cycle: 183
Register Write to Reg: 0x01 Val: 0x00000001
In clock cycle: 184
Register Write to Reg: 0x0A Val: 0x00000000
In clock cycle: 185
Register Write to Reg: 0x0F Val: 0x10010004
In clock cycle: 186
Register Write to Reg: 0x18 Val: 0x00000003
In clock cycle: 187
Register Write to Reg: 0x19 Val: 0x00000005
In clock cycle: 188
Register Write to Reg: 0x01 Val: 0x00000000
In clock cycle: 190
Register Write to Reg: 0x0A Val: 0x00000001
In clock cycle: 192
Register Write to Reg: 0x0D Val: 0x00000003
In clock cycle: 193
Register Write to Reg: 0x01 Val: 0x00000001
In clock cycle: 195
Register Write to Reg: 0x0E Val: 0x00000004
In clock cycle: 196
Register Write to Reg: 0x0E Val: 0x10010004
In clock cycle: 197
Register Write to Reg: 0x0A Val: 0x00000002
In clock cycle: 198
Register Write to Reg: 0x0F Val: 0x00000008
In clock cycle: 199
Register Write to Reg: 0x01 Val: 0x00000001
In clock cycle: 200
Register Write to Reg: 0x0A Val: 0x00000001
In clock cycle: 201
Register Write to Reg: 0x0F Val: 0x10010008
In clock cycle: 202
Register Write to Reg: 0x18 Val: 0x00000005
In clock cycle: 203
Register Write to Reg: 0x19 Val: 0x00000001
In clock cycle: 204
Register Write to Reg: 0x01 Val: 0x00000001
In clock cycle: 206
Memory Write to Addr: 0x10010008 Val: 0x00000005
In clock cycle: 207
Memory Write to Addr: 0x10010004 Val: 0x00000001
In clock cycle: 208
Register Write to Reg: 0x08 Val: 0x00000001
In clock cycle: 209
Register Write to Reg: 0x0A Val: 0x00000002
In clock cycle: 211
Register Write to Reg: 0x0D Val: 0x00000003
In clock cycle: 212
Register Write to Reg: 0x01 Val: 0x00000001
In clock cycle: 214
Register Write to Reg: 0x0E Val: 0x00000008
In clock cycle: 215
Register Write to Reg: 0x0E Val: 0x10010008
In clock cycle: 216
Register Write to Reg: 0x0A Val: 0x00000003
In clock cycle: 217
Register Write to Reg: 0x0F Val: 0x0000000C
In clock cycle: 218
Register Write to Reg: 0x01 Val: 0x00000001
In clock cycle: 219
Register Write to Reg: 0x0A Val: 0x00000002
In clock cycle: 220
Register Write to Reg: 0x0F Val: 0x1001000C
In clock cycle: 221
Register Write to Reg: 0x18 Val: 0x00000005
In clock cycle: 222
Register Write to Reg: 0x19 Val: 0x00000007
In clock cycle: 223
Register Write to Reg: 0x01 Val: 0x00000000
In clock cycle: 225
Register Write to Reg: 0x0A Val: 0x00000003
In clock cycle: 227
Register Write to Reg: 0x0D Val: 0x00000003
In clock cycle: 228
Register Write to Reg: 0x01 Val: 0x00000000
In clock cycle: 231
Register Write to Reg: 0x09 Val: 0x00000002
In clock cycle: 233
Register Write to Reg: 0x01 Val: 0x00000001
In clock cycle: 235
Register Write to Reg: 0x08 Val: 0x00000000
In clock cycle: 236
Register Write to Reg: 0x0A Val: 0x00000000
In clock cycle: 237
Register Write to Reg: 0x0D Val: 0x00000002
In clock cycle: 238
Register Write to Reg: 0x01 Val: 0x00000001
In clock cycle: 240
Register Write to Reg: 0x0E Val: 0x00000000
In clock cycle: 241
Register Write to Reg: 0x0E Val: 0x10010000
In clock cycle: 242
Register Write to Reg: 0x0A Val: 0x00000001
In clock cycle: 243
Register Write to Reg: 0x0F Val: 0x00000004
In clock cycle: 244
Register Write to Reg: 0x01 Val: 0x00000001
In clock cycle: 245
Register Write to Reg: 0x0A Val: 0x00000000
In clock cycle: 246
Register Write to Reg: 0x0F Val: 0x10010004
In clock cycle: 247
Register Write to Reg: 0x18 Val: 0x00000003
In clock cycle: 248
Register Write to Reg: 0x19 Val: 0x00000001
In clock cycle: 249
Register Write to Reg: 0x01 Val: 0x00000001
In clock cycle: 251
Memory Write to Addr: 0x10010004 Val: 0x00000003
In clock cycle: 252
Memory Write to Addr: 0x10010000 Val: 0x00000001
In clock cycle: 253
Register Write to Reg: 0x08 Val: 0x00000001
In clock cycle: 254
Register Write to Reg: 0x0A Val: 0x00000001
In clock cycle: 256
Register Write to Reg: 0x0D Val: 0x00000002
In clock cycle: 257
Register Write to Reg: 0x01 Val: 0x00000001
In clock cycle: 259
Register Write to Reg: 0x0E Val: 0x00000004
In clock cycle: 260
Register Write to Reg: 0x0E Val: 0x10010004
In clock cycle: 261
Register Write to Reg: 0x0A Val: 0x00000002
In clock cycle: 262
Register Write to Reg: 0x0F Val: 0x00000008
In clock cycle: 263
Register Write to Reg: 0x01 Val: 0x00000001
In clock cycle: 264
Register Write to Reg: 0x0A Val: 0x00000001
In clock cycle: 265
Register Write to Reg: 0x0F Val: 0x10010008
In clock cycle: 266
Register Write to Reg: 0x18 Val: 0x00000003
In clock cycle: 267
Register Write to Reg: 0x19 Val: 0x00000005
In clock cycle: 268
Register Write to Reg: 0x01 Val: 0x00000000
In clock cycle: 270
Register Write to Reg: 0x0A Val: 0x00000002
In clock cycle: 272
Register Write to Reg: 0x0D Val: 0x00000002
In clock cycle: 273
Register Write to Reg: 0x01 Val: 0x00000000
In clock cycle: 276
Register Write to Reg: 0x09 Val: 0x00000003
In clock cycle: 278
Register Write to Reg: 0x01 Val: 0x00000001
In clock cycle: 280
Register Write to Reg: 0x08 Val: 0x00000000
In clock cycle: 281
Register Write to Reg: 0x0A Val: 0x00000000
In clock cycle: 282
Register Write to Reg: 0x0D Val: 0x00000001
In clock cycle: 283
Register Write to Reg: 0x01 Val: 0x00000001
In clock cycle: 285
Register Write to Reg: 0x0E Val: 0x00000000
In clock cycle: 286
Register Write to Reg: 0x0E Val: 0x10010000
In clock cycle: 287
Register Write to Reg: 0x0A Val: 0x00000001
In clock cycle: 288
Register Write to Reg: 0x0F Val: 0x00000004
In clock cycle: 289
Register Write to Reg: 0x01 Val: 0x00000001
In clock cycle: 290
Register Write to Reg: 0x0A Val: 0x00000000
In clock cycle: 291
Register Write to Reg: 0x0F Val: 0x10010004
In clock cycle: 292
Register Write to Reg: 0x18 Val: 0x00000001
In clock cycle: 293
Register Write to Reg: 0x19 Val: 0x00000003
In clock cycle: 294
Register Write to Reg: 0x01 Val: 0x00000000
In clock cycle: 296
Register Write to Reg: 0x0A Val: 0x00000001
In clock cycle: 298
Register Write to Reg: 0x0D Val: 0x00000001
In clock cycle: 299
Register Write to Reg: 0x01 Val: 0x00000000
In clock cycle: 303
Register Write to Reg: 0x00 Val: 0x00000000
In clock cycle: 304
Register Write to Reg: 0x02 Val: 0x00000004
In clock cycle: 305
Register Write to Reg: 0x01 Val: 0x10010000
In clock cycle: 306
Register Write to Reg: 0x04 Val: 0x10010018
In clock cycle: 307
Register Write to Reg: 0x00 Val: 0x0000000C
In clock cycle: 308
Register Write to Reg: 0x02 Val: 0x00000004
In clock cycle: 309
Register Write to Reg: 0x01 Val: 0x10010000
In clock cycle: 310
Register Write to Reg: 0x04 Val: 0x10010032
In clock cycle: 311
Register Write to Reg: 0x00 Val: 0x0000000C
In clock cycle: 312
Register Write to Reg: 0x01 Val: 0x10010000
In clock cycle: 313
Register Write to Reg: 0x04 Val: 0x10010000
In clock cycle: 314
Register Write to Reg: 0x01 Val: 0x10010000
In clock cycle: 315
Register Write to Reg: 0x05 Val: 0x10010014
In clock cycle: 316
Register Write to Reg: 0x1F Val: 0x0040007C
In clock cycle: 317
Register Write to Reg: 0x09 Val: 0x00000005
In clock cycle: 318
Register Write to Reg: 0x08 Val: 0x00000000
In clock cycle: 319
Register Write to Reg: 0x0B Val: 0x10010000
In clock cycle: 320
Register Write to Reg: 0x0A Val: 0x00000001
In clock cycle: 321
Register Write to Reg: 0x02 Val: 0x00000001
In clock cycle: 322
Register Write to Reg: 0x04 Val: 0x00000001
In clock cycle: 323
Register Write to Reg: 0x00 Val: 0x00000000
In clock cycle: 324
Register Write to Reg: 0x02 Val: 0x00000004
In clock cycle: 325
Register Write to Reg: 0x01 Val: 0x10010000
In clock cycle: 326
Register Write to Reg: 0x04 Val: 0x10010049
In clock cycle: 327
Register Write to Reg: 0x00 Val: 0x0000000C
In clock cycle: 328
Register Write to Reg: 0x0B Val: 0x10010004
In clock cycle: 329
Register Write to Reg: 0x08 Val: 0x00000001
In clock cycle: 330
Register Write to Reg: 0x01 Val: 0x00000001
In clock cycle: 332
Register Write to Reg: 0x0A Val: 0x00000003
In clock cycle: 333
Register Write to Reg: 0x02 Val: 0x00000001
In clock cycle: 334
Register Write to Reg: 0x04 Val: 0x00000003
In clock cycle: 335
Register Write to Reg: 0x00 Val: 0x00000000
In clock cycle: 336
Register Write to Reg: 0x02 Val: 0x00000004
In clock cycle: 337
Register Write to Reg: 0x01 Val: 0x10010000
In clock cycle: 338
Register Write to Reg: 0x04 Val: 0x10010049
In clock cycle: 339
Register Write to Reg: 0x00 Val: 0x0000000C
In clock cycle: 340
Register Write to Reg: 0x0B Val: 0x10010008
In clock cycle: 341
Register Write to Reg: 0x08 Val: 0x00000002
In clock cycle: 342
Register Write to Reg: 0x01 Val: 0x00000001
In clock cycle: 344
Register Write to Reg: 0x0A Val: 0x00000005
In clock cycle: 345
Register Write to Reg: 0x02 Val: 0x00000001
In clock cycle: 346
Register Write to Reg: 0x04 Val: 0x00000005
In clock cycle: 347
Register Write to Reg: 0x00 Val: 0x00000000
In clock cycle: 348
Register Write to Reg: 0x02 Val: 0x00000004
In clock cycle: 349
Register Write to Reg: 0x01 Val: 0x10010000
In clock cycle: 350
Register Write to Reg: 0x04 Val: 0x10010049
In clock cycle: 351
Register Write to Reg: 0x00 Val: 0x0000000C
In clock cycle: 352
Register Write to Reg: 0x0B Val: 0x1001000C
In clock cycle: 353
Register Write to Reg: 0x08 Val: 0x00000003
In clock cycle: 354
Register Write to Reg: 0x01 Val: 0x00000001
In clock cycle: 356
Register Write to Reg: 0x0A Val: 0x00000007
In clock cycle: 357
Register Write to Reg: 0x02 Val: 0x00000001
In clock cycle: 358
Register Write to Reg: 0x04 Val: 0x00000007
In clock cycle: 359
Register Write to Reg: 0x00 Val: 0x00000000
In clock cycle: 360
Register Write to Reg: 0x02 Val: 0x00000004
In clock cycle: 361
Register Write to Reg: 0x01 Val: 0x10010000
In clock cycle: 362
Register Write to Reg: 0x04 Val: 0x10010049
In clock cycle: 363
Register Write to Reg: 0x00 Val: 0x0000000C
In clock cycle: 364
Register Write to Reg: 0x0B Val: 0x10010010
In clock cycle: 365
Register Write to Reg: 0x08 Val: 0x00000004
In clock cycle: 366
Register Write to Reg: 0x01 Val: 0x00000001
In clock cycle: 368
Register Write to Reg: 0x0A Val: 0x00000009
In clock cycle: 369
Register Write to Reg: 0x02 Val: 0x00000001
In clock cycle: 370
Register Write to Reg: 0x04 Val: 0x00000009
In clock cycle: 371
Register Write to Reg: 0x00 Val: 0x00000000
In clock cycle: 372
Register Write to Reg: 0x02 Val: 0x00000004
In clock cycle: 373
Register Write to Reg: 0x01 Val: 0x10010000
In clock cycle: 374
Register Write to Reg: 0x04 Val: 0x10010049
In clock cycle: 375
Register Write to Reg: 0x00 Val: 0x0000000C
In clock cycle: 376
Register Write to Reg: 0x0B Val: 0x10010014
In clock cycle: 377
Register Write to Reg: 0x08 Val: 0x00000005
In clock cycle: 378
Register Write to Reg: 0x01 Val: 0x00000000
In clock cycle: 380
Register Write to Reg: 0x00 Val: 0x00000000
In clock cycle: 381
Register Write to Reg: 0x02 Val: 0x0000000A
In clock cycle: 382
Register Write to Reg: 0x00 Val: 0x0000000C
Execution is stopping! Clock Cycle: 383
