[inst #1] lui $1,32767
Register Write to Reg: 0x01 Val: 0x7FFF0000
[inst #2] ori $1,$1,65535
Register Write to Reg: 0x01 Val: 0x7FFFFFFF
[inst #3] add $8,$8,$1
Register Write to Reg: 0x08 Val: 0x7FFFFFFF
[inst #4] lui $1,-32768
Register Write to Reg: 0x01 Val: 0x80000000
[inst #5] ori $1,$1,0
Register Write to Reg: 0x01 Val: 0x80000000
[inst #6] add $9,$9,$1
Register Write to Reg: 0x09 Val: 0x80000000
[inst #7] and $25,$8,$9
Register Write to Reg: 0x19 Val: 0x00000000
[inst #8] lui $1,4660
Register Write to Reg: 0x01 Val: 0x12340000
[inst #9] ori $1,$1,22136
Register Write to Reg: 0x01 Val: 0x12345678
[inst #10] add $11,$11,$1
Register Write to Reg: 0x0B Val: 0x12345678
[inst #11] lui $1,-21555
Register Write to Reg: 0x01 Val: 0xABCD0000
[inst #12] ori $1,$1,61439
Register Write to Reg: 0x01 Val: 0xABCDEFFF
[inst #13] add $10,$10,$1
Register Write to Reg: 0x0A Val: 0xABCDEFFF
[inst #14] and $25,$11,$10
Register Write to Reg: 0x19 Val: 0x02044678
[inst #15] addi $12,$12,-1
Register Write to Reg: 0x0C Val: 0xFFFFFFFF
[inst #16] lui $1,-32768
Register Write to Reg: 0x01 Val: 0x80000000
[inst #17] ori $1,$1,0
Register Write to Reg: 0x01 Val: 0x80000000
[inst #18] add $13,$13,$1
Register Write to Reg: 0x0D Val: 0x80000000
[inst #19] and $15,$12,$13
Register Write to Reg: 0x0F Val: 0x80000000
[inst #20] halt 

