[inst #1] lui $1,-21846
Register Write to Reg: 0x01 Val: 0xAAAA0000
[inst #2] ori $1,$1,43690
Register Write to Reg: 0x01 Val: 0xAAAAAAAA
[inst #3] add $0,$0,$1
Register Write to Reg: 0x00 Val: 0xAAAAAAAA
[inst #4] lui $1,21845
Register Write to Reg: 0x01 Val: 0x55550000
[inst #5] ori $1,$1,21845
Register Write to Reg: 0x01 Val: 0x55555555
[inst #6] add $17,$17,$1
Register Write to Reg: 0x11 Val: 0x55555555
[inst #7] and $8,$0,$17
Register Write to Reg: 0x08 Val: 0x00000000
[inst #8] lui $1,-21846
Register Write to Reg: 0x01 Val: 0xAAAA0000
[inst #9] ori $1,$1,43690
Register Write to Reg: 0x01 Val: 0xAAAAAAAA
[inst #10] add $18,$18,$1
Register Write to Reg: 0x12 Val: 0xAAAAAAAA
[inst #11] lui $1,21845
Register Write to Reg: 0x01 Val: 0x55550000
[inst #12] ori $1,$1,21845
Register Write to Reg: 0x01 Val: 0x55555555
[inst #13] add $19,$19,$1
Register Write to Reg: 0x13 Val: 0x55555555
[inst #14] and $16,$18,$19
Register Write to Reg: 0x10 Val: 0x00000000
[inst #15] lui $1,-21846
Register Write to Reg: 0x01 Val: 0xAAAA0000
[inst #16] ori $1,$1,43690
Register Write to Reg: 0x01 Val: 0xAAAAAAAA
[inst #17] add $20,$20,$1
Register Write to Reg: 0x14 Val: 0xAAAAAAAA
[inst #18] lui $1,-21846
Register Write to Reg: 0x01 Val: 0xAAAA0000
[inst #19] ori $1,$1,43690
Register Write to Reg: 0x01 Val: 0xAAAAAAAA
[inst #20] add $21,$21,$1
Register Write to Reg: 0x15 Val: 0xAAAAAAAA
[inst #21] and $16,$20,$21
Register Write to Reg: 0x10 Val: 0xAAAAAAAA
[inst #22] halt 

