[inst #1] addi $8,$8,1
Register Write to Reg: 0x08 Val: 0x00000001
[inst #2] lui $16,4097
Register Write to Reg: 0x10 Val: 0x10010000
[inst #3] sw $8,0($16)
Memory Write to Addr: 0x10010000 Val: 0x00000001
[inst #4] addi $9,$0,2
Register Write to Reg: 0x09 Val: 0x00000002
[inst #5] sw $9,4($16)
Memory Write to Addr: 0x10010004 Val: 0x00000002
[inst #6] addi $10,$0,3
Register Write to Reg: 0x0A Val: 0x00000003
[inst #7] sw $10,8($16)
Memory Write to Addr: 0x10010008 Val: 0x00000003
[inst #8] addi $11,$0,4
Register Write to Reg: 0x0B Val: 0x00000004
[inst #9] sw $11,12($16)
Memory Write to Addr: 0x1001000C Val: 0x00000004
[inst #10] addi $12,$0,5
Register Write to Reg: 0x0C Val: 0x00000005
[inst #11] sw $12,0($16)
Memory Write to Addr: 0x10010000 Val: 0x00000005
[inst #12] addi $13,$0,6
Register Write to Reg: 0x0D Val: 0x00000006
[inst #13] sw $13,4092($16)
Memory Write to Addr: 0x10010FFC Val: 0x00000006
[inst #14] halt 

