[inst #1] lui $1,4097
Register Write to Reg: 0x01 Val: 0x10010000
[inst #2] ori $8,$1,0
Register Write to Reg: 0x08 Val: 0x10010000
[inst #3] lui $1,-1314
Register Write to Reg: 0x01 Val: 0xFADE0000
[inst #4] ori $1,$1,53248
Register Write to Reg: 0x01 Val: 0xFADED000
[inst #5] add $9,$0,$1
Register Write to Reg: 0x09 Val: 0xFADED000
[inst #6] lui $1,-8502
Register Write to Reg: 0x01 Val: 0xDECA0000
[inst #7] ori $1,$1,61440
Register Write to Reg: 0x01 Val: 0xDECAF000
[inst #8] add $10,$0,$1
Register Write to Reg: 0x0A Val: 0xDECAF000
[inst #9] sw $9,32($8)
Memory Write to Addr: 0x10010020 Val: 0xFADED000
[inst #10] sw $10,64($8)
Memory Write to Addr: 0x10010040 Val: 0xDECAF000
[inst #11] lw $9,64($8)
Register Write to Reg: 0x09 Val: 0xDECAF000
[inst #12] lw $10,32($8)
Register Write to Reg: 0x0A Val: 0xFADED000
[inst #13] sw $9,32($8)
Memory Write to Addr: 0x10010020 Val: 0xDECAF000
[inst #14] sw $10,64($8)
Memory Write to Addr: 0x10010040 Val: 0xFADED000
[inst #15] halt 

