[inst #1] lui $1,-293
Register Write to Reg: 0x01 Val: 0xFEDB0000
[inst #2] ori $1,$1,51864
Register Write to Reg: 0x01 Val: 0xFEDBCA98
[inst #3] add $1,$0,$1
Register Write to Reg: 0x01 Val: 0xFEDBCA98
[inst #4] srl $2,$1,0
Register Write to Reg: 0x02 Val: 0xFEDBCA98
[inst #5] srl $2,$1,1
Register Write to Reg: 0x02 Val: 0x7F6DE54C
[inst #6] srl $2,$1,2
Register Write to Reg: 0x02 Val: 0x3FB6F2A6
[inst #7] srl $2,$1,3
Register Write to Reg: 0x02 Val: 0x1FDB7953
[inst #8] srl $2,$1,4
Register Write to Reg: 0x02 Val: 0x0FEDBCA9
[inst #9] srl $2,$1,5
Register Write to Reg: 0x02 Val: 0x07F6DE54
[inst #10] srl $2,$1,6
Register Write to Reg: 0x02 Val: 0x03FB6F2A
[inst #11] srl $2,$1,7
Register Write to Reg: 0x02 Val: 0x01FDB795
[inst #12] srl $2,$1,8
Register Write to Reg: 0x02 Val: 0x00FEDBCA
[inst #13] srl $2,$1,9
Register Write to Reg: 0x02 Val: 0x007F6DE5
[inst #14] srl $2,$1,10
Register Write to Reg: 0x02 Val: 0x003FB6F2
[inst #15] srl $2,$1,11
Register Write to Reg: 0x02 Val: 0x001FDB79
[inst #16] srl $2,$1,12
Register Write to Reg: 0x02 Val: 0x000FEDBC
[inst #17] srl $2,$1,13
Register Write to Reg: 0x02 Val: 0x0007F6DE
[inst #18] srl $2,$1,14
Register Write to Reg: 0x02 Val: 0x0003FB6F
[inst #19] srl $2,$1,15
Register Write to Reg: 0x02 Val: 0x0001FDB7
[inst #20] srl $2,$1,16
Register Write to Reg: 0x02 Val: 0x0000FEDB
[inst #21] srl $2,$1,17
Register Write to Reg: 0x02 Val: 0x00007F6D
[inst #22] srl $2,$1,18
Register Write to Reg: 0x02 Val: 0x00003FB6
[inst #23] srl $2,$1,19
Register Write to Reg: 0x02 Val: 0x00001FDB
[inst #24] srl $2,$1,20
Register Write to Reg: 0x02 Val: 0x00000FED
[inst #25] srl $2,$1,21
Register Write to Reg: 0x02 Val: 0x000007F6
[inst #26] srl $2,$1,22
Register Write to Reg: 0x02 Val: 0x000003FB
[inst #27] srl $2,$1,23
Register Write to Reg: 0x02 Val: 0x000001FD
[inst #28] srl $2,$1,24
Register Write to Reg: 0x02 Val: 0x000000FE
[inst #29] srl $2,$1,25
Register Write to Reg: 0x02 Val: 0x0000007F
[inst #30] srl $2,$1,26
Register Write to Reg: 0x02 Val: 0x0000003F
[inst #31] srl $2,$1,27
Register Write to Reg: 0x02 Val: 0x0000001F
[inst #32] srl $2,$1,28
Register Write to Reg: 0x02 Val: 0x0000000F
[inst #33] srl $2,$1,29
Register Write to Reg: 0x02 Val: 0x00000007
[inst #34] srl $2,$1,30
Register Write to Reg: 0x02 Val: 0x00000003
[inst #35] srl $2,$1,31
Register Write to Reg: 0x02 Val: 0x00000001
[inst #36] halt 

