In clock cycle: 3
Register Write to Reg: 0x00 Val: 0x00000000
In clock cycle: 4
Register Write to Reg: 0x01 Val: 0xFEDB0000
In clock cycle: 5
Register Write to Reg: 0x01 Val: 0xFEDBCA98
In clock cycle: 6
Register Write to Reg: 0x01 Val: 0xFEDBCA98
In clock cycle: 7
Register Write to Reg: 0x02 Val: 0xFEDBCA98
In clock cycle: 8
Register Write to Reg: 0x02 Val: 0x7F6DE54C
In clock cycle: 9
Register Write to Reg: 0x02 Val: 0x3FB6F2A6
In clock cycle: 10
Register Write to Reg: 0x02 Val: 0x1FDB7953
In clock cycle: 11
Register Write to Reg: 0x02 Val: 0x0FEDBCA9
In clock cycle: 12
Register Write to Reg: 0x02 Val: 0x07F6DE54
In clock cycle: 13
Register Write to Reg: 0x02 Val: 0x03FB6F2A
In clock cycle: 14
Register Write to Reg: 0x02 Val: 0x01FDB795
In clock cycle: 15
Register Write to Reg: 0x02 Val: 0x00FEDBCA
In clock cycle: 16
Register Write to Reg: 0x02 Val: 0x007F6DE5
In clock cycle: 17
Register Write to Reg: 0x02 Val: 0x003FB6F2
In clock cycle: 18
Register Write to Reg: 0x02 Val: 0x001FDB79
In clock cycle: 19
Register Write to Reg: 0x02 Val: 0x000FEDBC
In clock cycle: 20
Register Write to Reg: 0x02 Val: 0x0007F6DE
In clock cycle: 21
Register Write to Reg: 0x02 Val: 0x0003FB6F
In clock cycle: 22
Register Write to Reg: 0x02 Val: 0x0001FDB7
In clock cycle: 23
Register Write to Reg: 0x02 Val: 0x0000FEDB
In clock cycle: 24
Register Write to Reg: 0x02 Val: 0x00007F6D
In clock cycle: 25
Register Write to Reg: 0x02 Val: 0x00003FB6
In clock cycle: 26
Register Write to Reg: 0x02 Val: 0x00001FDB
In clock cycle: 27
Register Write to Reg: 0x02 Val: 0x00000FED
In clock cycle: 28
Register Write to Reg: 0x02 Val: 0x000007F6
In clock cycle: 29
Register Write to Reg: 0x02 Val: 0x000003FB
In clock cycle: 30
Register Write to Reg: 0x02 Val: 0x000001FD
In clock cycle: 31
Register Write to Reg: 0x02 Val: 0x000000FE
In clock cycle: 32
Register Write to Reg: 0x02 Val: 0x0000007F
In clock cycle: 33
Register Write to Reg: 0x02 Val: 0x0000003F
In clock cycle: 34
Register Write to Reg: 0x02 Val: 0x0000001F
In clock cycle: 35
Register Write to Reg: 0x02 Val: 0x0000000F
In clock cycle: 36
Register Write to Reg: 0x02 Val: 0x00000007
In clock cycle: 37
Register Write to Reg: 0x02 Val: 0x00000003
In clock cycle: 38
Register Write to Reg: 0x02 Val: 0x00000001
Execution is stopping! Clock Cycle: 39
