QuestaSim-64 vcom 2023.2_2 Compiler 2023.06 Jun  9 2023
Start time: 13:37:43 on Apr 30,2024
vcom -2008 -work internal/ModelSimContainer/work proj/src/MIPS_types.vhd internal/testpy/tb.vhd proj/src/MIPS_types.vhd proj/src/TopLevel/ALU.vhd proj/src/TopLevel/Nbit_andg2.vhd proj/src/TopLevel/andg2_3bit.vhd proj/src/TopLevel/ZeroChecker.vhd proj/src/TopLevel/org2.vhd proj/src/TopLevel/Nbit_org2.vhd proj/src/TopLevel/Reg32File.vhd proj/src/TopLevel/dffg.vhd proj/src/TopLevel/extender16_32.vhd proj/src/TopLevel/ControlLogic.vhd proj/src/TopLevel/StallingUnit.vhd proj/src/TopLevel/ID_EX.vhd proj/src/TopLevel/Dataflow_Mux2_1.vhd proj/src/TopLevel/IF_ID.vhd proj/src/TopLevel/MIPS_Processor.vhd proj/src/TopLevel/LeftShifter16.vhd proj/src/TopLevel/xorg2.vhd proj/src/TopLevel/RegFile.vhd proj/src/TopLevel/FetchLogic.vhd proj/src/TopLevel/Nbit_8t1Mux.vhd proj/src/TopLevel/BarrelDecoder5_32.vhd proj/src/TopLevel/mem.vhd proj/src/TopLevel/andg2_5bit.vhd proj/src/TopLevel/MEM_WB.vhd proj/src/TopLevel/org3.vhd proj/src/TopLevel/andg3.vhd proj/src/TopLevel/dffg1.vhd proj/src/TopLevel/Structual_full_adder.vhd proj/src/TopLevel/andg4.vhd proj/src/TopLevel/andg2_6bit.vhd proj/src/TopLevel/Complementor.vhd proj/src/TopLevel/mux2to1DF.vhd proj/src/TopLevel/Nbit_AddSub.vhd proj/src/TopLevel/mux32_1.vhd proj/src/TopLevel/mux2t1_N.vhd proj/src/TopLevel/EX_MEM.vhd proj/src/TopLevel/dffgSync.vhd proj/src/TopLevel/Adder.vhd proj/src/TopLevel/RegFileSync.vhd proj/src/TopLevel/ForwardingUnit.vhd proj/src/TopLevel/Nbit_full_adder.vhd proj/src/TopLevel/AddSub.vhd proj/src/TopLevel/NegativeChecker.vhd proj/src/TopLevel/andg2.vhd proj/src/TopLevel/Nbit_xorg2.vhd proj/src/TopLevel/Decoder5_32.vhd proj/src/TopLevel/mux4to1DF.vhd proj/src/TopLevel/PC.vhd proj/src/TopLevel/invg.vhd proj/src/TopLevel/BarrelShifter.vhd 
-- Loading package STANDARD
-- Loading package TEXTIO
-- Loading package std_logic_1164
-- Compiling package MIPS_types
-- Compiling package body MIPS_types
-- Loading package MIPS_types
-- Loading package std_logic_textio
-- Loading package ENV
-- Compiling entity tb
-- Compiling architecture mixed of tb
** Warning: proj/src/MIPS_types.vhd(15): (vcom-1615) Existing package 'MIPS_types' at line 15 will be overwritten.
-- Compiling package MIPS_types
** Warning: proj/src/MIPS_types.vhd(29): (vcom-1615) Existing package body 'MIPS_types(body)' at line 29 will be overwritten.
-- Compiling package body MIPS_types
-- Loading package MIPS_types
-- Compiling entity ALU
-- Compiling architecture structural of ALU
-- Compiling entity Nbit_andg2
-- Compiling architecture structural of Nbit_andg2
-- Compiling entity andg2_3bit
-- Compiling architecture dataflow of andg2_3bit
-- Compiling entity ZeroChecker
-- Compiling architecture structural of ZeroChecker
-- Compiling entity org2
-- Compiling architecture dataflow of org2
-- Compiling entity Nbit_org2
-- Compiling architecture structural of Nbit_org2
-- Compiling entity Reg32File
-- Compiling architecture structural of Reg32File
-- Compiling entity dffg
-- Compiling architecture mixed of dffg
-- Compiling entity extender16_32
-- Compiling architecture structural of extender16_32
-- Loading package NUMERIC_STD
-- Compiling entity ControlLogic
-- Compiling architecture structural of ControlLogic
-- Compiling entity StallingUnit
-- Compiling architecture structural of StallingUnit
-- Compiling entity ID_EX
-- Compiling architecture structural of ID_EX
-- Compiling entity Dataflow_Mux2_1
-- Compiling architecture dataflow of Dataflow_Mux2_1
-- Compiling entity IF_ID
-- Compiling architecture structural of IF_ID
-- Compiling entity MIPS_Processor
-- Compiling architecture structure of MIPS_Processor
-- Compiling entity LeftShifter16
-- Compiling architecture Behavioral of LeftShifter16
-- Compiling entity xorg2
-- Compiling architecture dataflow of xorg2
-- Compiling entity RegFile
-- Compiling architecture structural of RegFile
-- Compiling entity FetchLogic
-- Compiling architecture structural of FetchLogic
-- Compiling entity Nbit_8t1Mux
-- Compiling architecture Structural of Nbit_8t1Mux
-- Compiling entity BarrelDecoder5_32
-- Compiling architecture structural of BarrelDecoder5_32
-- Compiling entity mem
-- Compiling architecture rtl of mem
-- Compiling entity andg2_5bit
-- Compiling architecture dataflow of andg2_5bit
-- Compiling entity MEM_WB
-- Compiling architecture structural of MEM_WB
-- Compiling entity org3
-- Compiling architecture dataflow of org3
-- Compiling entity andg3
-- Compiling architecture dataflow of andg3
-- Compiling entity dffg1
-- Compiling architecture mixed of dffg1
-- Compiling entity Structual_full_adder
-- Compiling architecture structure of Structual_full_adder
-- Compiling entity andg4
-- Compiling architecture dataflow of andg4
-- Compiling entity andg2_6bit
-- Compiling architecture dataflow of andg2_6bit
-- Compiling entity Complementor
-- Compiling architecture structural of Complementor
-- Compiling entity mux2to1DF
-- Compiling architecture dataflow of mux2to1DF
-- Compiling entity Nbit_AddSub
-- Compiling architecture structural of Nbit_AddSub
-- Compiling entity mux32_1
-- Compiling architecture structural of mux32_1
-- Compiling entity mux2t1_N
-- Compiling architecture structural of mux2t1_N
-- Compiling entity EX_MEM
-- Compiling architecture structural of EX_MEM
-- Compiling entity dffgSync
-- Compiling architecture mixed of dffgSync
-- Compiling entity Adder
-- Compiling architecture structure of Adder
-- Compiling entity RegFileSync
-- Compiling architecture mixed of RegFileSync
-- Compiling entity ForwardingUnit
-- Compiling architecture structural of ForwardingUnit
-- Compiling entity Nbit_full_adder
-- Compiling architecture structural of Nbit_full_adder
-- Compiling entity AddSub
-- Compiling architecture structural of AddSub
-- Compiling entity NegativeChecker
-- Compiling architecture Behavioral of NegativeChecker
-- Compiling entity andg2
-- Compiling architecture dataflow of andg2
-- Compiling entity Nbit_xorg2
-- Compiling architecture structural of Nbit_xorg2
-- Compiling entity Decoder5_32
-- Compiling architecture structural of Decoder5_32
-- Compiling entity mux4to1DF
-- Compiling architecture dataflow of mux4to1DF
-- Compiling entity PC
-- Compiling architecture structural of PC
-- Compiling entity invg
-- Compiling architecture dataflow of invg
-- Compiling entity BarrelShifter
-- Compiling architecture structural of BarrelShifter
End time: 13:37:43 on Apr 30,2024, Elapsed time: 0:00:00
Errors: 0, Warnings: 2
