[inst #1] addi $1,$0,1920
Register Write to Reg: 0x01 Val: 0x00000780
[inst #2] addi $2,$0,8100
Register Write to Reg: 0x02 Val: 0x00001FA4
[inst #3] addi $3,$0,4
Register Write to Reg: 0x03 Val: 0x00000004
[inst #4] addi $4,$0,500
Register Write to Reg: 0x04 Val: 0x000001F4
[inst #5] addi $5,$0,1000
Register Write to Reg: 0x05 Val: 0x000003E8
[inst #6] andi $1,$1,1000
Register Write to Reg: 0x01 Val: 0x00000380
[inst #7] andi $2,$2,1000
Register Write to Reg: 0x02 Val: 0x000003A0
[inst #8] andi $3,$3,1000
Register Write to Reg: 0x03 Val: 0x00000000
[inst #9] andi $4,$4,1000
Register Write to Reg: 0x04 Val: 0x000001E0
[inst #10] andi $5,$5,1000
Register Write to Reg: 0x05 Val: 0x000003E8
[inst #11] halt 

