In clock cycle: 3
Register Write to Reg: 0x00 Val: 0x00000000
In clock cycle: 4
Register Write to Reg: 0x01 Val: 0x10010000
In clock cycle: 5
Register Write to Reg: 0x04 Val: 0x10010000
In clock cycle: 6
Register Write to Reg: 0x01 Val: 0x10010000
In clock cycle: 7
Register Write to Reg: 0x05 Val: 0x10010014
In clock cycle: 8
Register Write to Reg: 0x02 Val: 0x00000004
In clock cycle: 9
Register Write to Reg: 0x01 Val: 0x10010000
In clock cycle: 10
Register Write to Reg: 0x04 Val: 0x1001001A
In clock cycle: 11
Register Write to Reg: 0x00 Val: 0x0000000C
In clock cycle: 12
Register Write to Reg: 0x01 Val: 0x10010000
In clock cycle: 13
Register Write to Reg: 0x04 Val: 0x10010000
In clock cycle: 14
Register Write to Reg: 0x01 Val: 0x10010000
In clock cycle: 15
Register Write to Reg: 0x05 Val: 0x10010014
In clock cycle: 16
Register Write to Reg: 0x1F Val: 0x00400034
In clock cycle: 18
Register Write to Reg: 0x00 Val: 0x00000000
In clock cycle: 19
Register Write to Reg: 0x09 Val: 0x00000005
In clock cycle: 20
Register Write to Reg: 0x08 Val: 0x00000000
In clock cycle: 21
Register Write to Reg: 0x0B Val: 0x10010000
In clock cycle: 22
Register Write to Reg: 0x0A Val: 0x00000005
In clock cycle: 23
Register Write to Reg: 0x02 Val: 0x00000001
In clock cycle: 24
Register Write to Reg: 0x04 Val: 0x00000005
In clock cycle: 25
Register Write to Reg: 0x00 Val: 0x00000000
In clock cycle: 26
Register Write to Reg: 0x02 Val: 0x00000004
In clock cycle: 27
Register Write to Reg: 0x01 Val: 0x10010000
In clock cycle: 28
Register Write to Reg: 0x04 Val: 0x10010049
In clock cycle: 29
Register Write to Reg: 0x00 Val: 0x0000000C
In clock cycle: 30
Register Write to Reg: 0x0B Val: 0x10010004
In clock cycle: 31
Register Write to Reg: 0x08 Val: 0x00000001
In clock cycle: 32
Register Write to Reg: 0x01 Val: 0x00000001
In clock cycle: 34
Register Write to Reg: 0x0A Val: 0x00000003
In clock cycle: 35
Register Write to Reg: 0x02 Val: 0x00000001
In clock cycle: 36
Register Write to Reg: 0x04 Val: 0x00000003
In clock cycle: 37
Register Write to Reg: 0x00 Val: 0x00000000
In clock cycle: 38
Register Write to Reg: 0x02 Val: 0x00000004
In clock cycle: 39
Register Write to Reg: 0x01 Val: 0x10010000
In clock cycle: 40
Register Write to Reg: 0x04 Val: 0x10010049
In clock cycle: 41
Register Write to Reg: 0x00 Val: 0x0000000C
In clock cycle: 42
Register Write to Reg: 0x0B Val: 0x10010008
In clock cycle: 43
Register Write to Reg: 0x08 Val: 0x00000002
In clock cycle: 44
Register Write to Reg: 0x01 Val: 0x00000001
In clock cycle: 46
Register Write to Reg: 0x0A Val: 0x00000009
In clock cycle: 47
Register Write to Reg: 0x02 Val: 0x00000001
In clock cycle: 48
Register Write to Reg: 0x04 Val: 0x00000009
In clock cycle: 49
Register Write to Reg: 0x00 Val: 0x00000000
In clock cycle: 50
Register Write to Reg: 0x02 Val: 0x00000004
In clock cycle: 51
Register Write to Reg: 0x01 Val: 0x10010000
In clock cycle: 52
Register Write to Reg: 0x04 Val: 0x10010049
In clock cycle: 53
Register Write to Reg: 0x00 Val: 0x0000000C
In clock cycle: 54
Register Write to Reg: 0x0B Val: 0x1001000C
In clock cycle: 55
Register Write to Reg: 0x08 Val: 0x00000003
In clock cycle: 56
Register Write to Reg: 0x01 Val: 0x00000001
In clock cycle: 58
Register Write to Reg: 0x0A Val: 0x00000001
In clock cycle: 59
Register Write to Reg: 0x02 Val: 0x00000001
In clock cycle: 60
Register Write to Reg: 0x04 Val: 0x00000001
In clock cycle: 61
Register Write to Reg: 0x00 Val: 0x00000000
In clock cycle: 62
Register Write to Reg: 0x02 Val: 0x00000004
In clock cycle: 63
Register Write to Reg: 0x01 Val: 0x10010000
In clock cycle: 64
Register Write to Reg: 0x04 Val: 0x10010049
In clock cycle: 65
Register Write to Reg: 0x00 Val: 0x0000000C
In clock cycle: 66
Register Write to Reg: 0x0B Val: 0x10010010
In clock cycle: 67
Register Write to Reg: 0x08 Val: 0x00000004
In clock cycle: 68
Register Write to Reg: 0x01 Val: 0x00000001
In clock cycle: 70
Register Write to Reg: 0x0A Val: 0x00000007
In clock cycle: 71
Register Write to Reg: 0x02 Val: 0x00000001
In clock cycle: 72
Register Write to Reg: 0x04 Val: 0x00000007
In clock cycle: 73
Register Write to Reg: 0x00 Val: 0x00000000
In clock cycle: 74
Register Write to Reg: 0x02 Val: 0x00000004
In clock cycle: 75
Register Write to Reg: 0x01 Val: 0x10010000
In clock cycle: 76
Register Write to Reg: 0x04 Val: 0x10010049
In clock cycle: 77
Register Write to Reg: 0x00 Val: 0x0000000C
In clock cycle: 78
Register Write to Reg: 0x0B Val: 0x10010014
In clock cycle: 79
Register Write to Reg: 0x08 Val: 0x00000005
In clock cycle: 80
Register Write to Reg: 0x01 Val: 0x00000000
In clock cycle: 83
Register Write to Reg: 0x00 Val: 0x00000000
In clock cycle: 84
Register Write to Reg: 0x00 Val: 0x00000000
In clock cycle: 86
Register Write to Reg: 0x00 Val: 0x00000000
In clock cycle: 87
Register Write to Reg: 0x01 Val: 0x10010000
In clock cycle: 88
Register Write to Reg: 0x04 Val: 0x10010000
In clock cycle: 89
Register Write to Reg: 0x01 Val: 0x10010000
In clock cycle: 90
Register Write to Reg: 0x05 Val: 0x00000005
In clock cycle: 91
Register Write to Reg: 0x1F Val: 0x00400048
In clock cycle: 93
Register Write to Reg: 0x00 Val: 0x00000000
In clock cycle: 94
Register Write to Reg: 0x08 Val: 0x00000000
In clock cycle: 95
Register Write to Reg: 0x09 Val: 0x00000000
In clock cycle: 96
Register Write to Reg: 0x0A Val: 0x00000000
In clock cycle: 97
Register Write to Reg: 0x01 Val: 0x00000001
In clock cycle: 98
Register Write to Reg: 0x0B Val: 0x00000004
In clock cycle: 99
Register Write to Reg: 0x01 Val: 0x00000000
In clock cycle: 100
Register Write to Reg: 0x0C Val: 0x10010000
In clock cycle: 101
Register Write to Reg: 0x01 Val: 0x00000001
In clock cycle: 104
Register Write to Reg: 0x00 Val: 0x00000000
In clock cycle: 105
Register Write to Reg: 0x08 Val: 0x00000000
In clock cycle: 106
Register Write to Reg: 0x0A Val: 0x00000000
In clock cycle: 107
Register Write to Reg: 0x0D Val: 0x00000004
In clock cycle: 108
Register Write to Reg: 0x01 Val: 0x00000001
In clock cycle: 111
Register Write to Reg: 0x00 Val: 0x00000000
In clock cycle: 112
Register Write to Reg: 0x0E Val: 0x00000000
In clock cycle: 113
Register Write to Reg: 0x0E Val: 0x10010000
In clock cycle: 114
Register Write to Reg: 0x0A Val: 0x00000001
In clock cycle: 115
Register Write to Reg: 0x0F Val: 0x00000004
In clock cycle: 116
Register Write to Reg: 0x01 Val: 0x00000001
In clock cycle: 117
Register Write to Reg: 0x0A Val: 0x00000000
In clock cycle: 118
Register Write to Reg: 0x0F Val: 0x10010004
In clock cycle: 119
Register Write to Reg: 0x18 Val: 0x00000005
In clock cycle: 120
Register Write to Reg: 0x19 Val: 0x00000003
In clock cycle: 121
Register Write to Reg: 0x01 Val: 0x00000001
In clock cycle: 124
Register Write to Reg: 0x00 Val: 0x00000000
In clock cycle: 124
Memory Write to Addr: 0x10010004 Val: 0x00000005
In clock cycle: 125
Memory Write to Addr: 0x10010000 Val: 0x00000003
In clock cycle: 127
Register Write to Reg: 0x08 Val: 0x00000001
In clock cycle: 128
Register Write to Reg: 0x0A Val: 0x00000001
In clock cycle: 131
Register Write to Reg: 0x00 Val: 0x00000000
In clock cycle: 132
Register Write to Reg: 0x0D Val: 0x00000004
In clock cycle: 133
Register Write to Reg: 0x01 Val: 0x00000001
In clock cycle: 136
Register Write to Reg: 0x00 Val: 0x00000000
In clock cycle: 137
Register Write to Reg: 0x0E Val: 0x00000004
In clock cycle: 138
Register Write to Reg: 0x0E Val: 0x10010004
In clock cycle: 139
Register Write to Reg: 0x0A Val: 0x00000002
In clock cycle: 140
Register Write to Reg: 0x0F Val: 0x00000008
In clock cycle: 141
Register Write to Reg: 0x01 Val: 0x00000001
In clock cycle: 142
Register Write to Reg: 0x0A Val: 0x00000001
In clock cycle: 143
Register Write to Reg: 0x0F Val: 0x10010008
In clock cycle: 144
Register Write to Reg: 0x18 Val: 0x00000005
In clock cycle: 145
Register Write to Reg: 0x19 Val: 0x00000009
In clock cycle: 146
Register Write to Reg: 0x01 Val: 0x00000000
In clock cycle: 148
Register Write to Reg: 0x0A Val: 0x00000002
In clock cycle: 151
Register Write to Reg: 0x00 Val: 0x00000000
In clock cycle: 152
Register Write to Reg: 0x0D Val: 0x00000004
In clock cycle: 153
Register Write to Reg: 0x01 Val: 0x00000001
In clock cycle: 156
Register Write to Reg: 0x00 Val: 0x00000000
In clock cycle: 157
Register Write to Reg: 0x0E Val: 0x00000008
In clock cycle: 158
Register Write to Reg: 0x0E Val: 0x10010008
In clock cycle: 159
Register Write to Reg: 0x0A Val: 0x00000003
In clock cycle: 160
Register Write to Reg: 0x0F Val: 0x0000000C
In clock cycle: 161
Register Write to Reg: 0x01 Val: 0x00000001
In clock cycle: 162
Register Write to Reg: 0x0A Val: 0x00000002
In clock cycle: 163
Register Write to Reg: 0x0F Val: 0x1001000C
In clock cycle: 164
Register Write to Reg: 0x18 Val: 0x00000009
In clock cycle: 165
Register Write to Reg: 0x19 Val: 0x00000001
In clock cycle: 166
Register Write to Reg: 0x01 Val: 0x00000001
In clock cycle: 169
Register Write to Reg: 0x00 Val: 0x00000000
In clock cycle: 169
Memory Write to Addr: 0x1001000C Val: 0x00000009
In clock cycle: 170
Memory Write to Addr: 0x10010008 Val: 0x00000001
In clock cycle: 172
Register Write to Reg: 0x08 Val: 0x00000002
In clock cycle: 173
Register Write to Reg: 0x0A Val: 0x00000003
In clock cycle: 176
Register Write to Reg: 0x00 Val: 0x00000000
In clock cycle: 177
Register Write to Reg: 0x0D Val: 0x00000004
In clock cycle: 178
Register Write to Reg: 0x01 Val: 0x00000001
In clock cycle: 181
Register Write to Reg: 0x00 Val: 0x00000000
In clock cycle: 182
Register Write to Reg: 0x0E Val: 0x0000000C
In clock cycle: 183
Register Write to Reg: 0x0E Val: 0x1001000C
In clock cycle: 184
Register Write to Reg: 0x0A Val: 0x00000004
In clock cycle: 185
Register Write to Reg: 0x0F Val: 0x00000010
In clock cycle: 186
Register Write to Reg: 0x01 Val: 0x00000001
In clock cycle: 187
Register Write to Reg: 0x0A Val: 0x00000003
In clock cycle: 188
Register Write to Reg: 0x0F Val: 0x10010010
In clock cycle: 189
Register Write to Reg: 0x18 Val: 0x00000009
In clock cycle: 190
Register Write to Reg: 0x19 Val: 0x00000007
In clock cycle: 191
Register Write to Reg: 0x01 Val: 0x00000001
In clock cycle: 194
Register Write to Reg: 0x00 Val: 0x00000000
In clock cycle: 194
Memory Write to Addr: 0x10010010 Val: 0x00000009
In clock cycle: 195
Memory Write to Addr: 0x1001000C Val: 0x00000007
In clock cycle: 197
Register Write to Reg: 0x08 Val: 0x00000003
In clock cycle: 198
Register Write to Reg: 0x0A Val: 0x00000004
In clock cycle: 201
Register Write to Reg: 0x00 Val: 0x00000000
In clock cycle: 202
Register Write to Reg: 0x0D Val: 0x00000004
In clock cycle: 203
Register Write to Reg: 0x01 Val: 0x00000000
In clock cycle: 206
Register Write to Reg: 0x09 Val: 0x00000001
In clock cycle: 209
Register Write to Reg: 0x00 Val: 0x00000000
In clock cycle: 210
Register Write to Reg: 0x01 Val: 0x00000001
In clock cycle: 213
Register Write to Reg: 0x00 Val: 0x00000000
In clock cycle: 214
Register Write to Reg: 0x08 Val: 0x00000000
In clock cycle: 215
Register Write to Reg: 0x0A Val: 0x00000000
In clock cycle: 216
Register Write to Reg: 0x0D Val: 0x00000003
In clock cycle: 217
Register Write to Reg: 0x01 Val: 0x00000001
In clock cycle: 220
Register Write to Reg: 0x00 Val: 0x00000000
In clock cycle: 221
Register Write to Reg: 0x0E Val: 0x00000000
In clock cycle: 222
Register Write to Reg: 0x0E Val: 0x10010000
In clock cycle: 223
Register Write to Reg: 0x0A Val: 0x00000001
In clock cycle: 224
Register Write to Reg: 0x0F Val: 0x00000004
In clock cycle: 225
Register Write to Reg: 0x01 Val: 0x00000001
In clock cycle: 226
Register Write to Reg: 0x0A Val: 0x00000000
In clock cycle: 227
Register Write to Reg: 0x0F Val: 0x10010004
In clock cycle: 228
Register Write to Reg: 0x18 Val: 0x00000003
In clock cycle: 229
Register Write to Reg: 0x19 Val: 0x00000005
In clock cycle: 230
Register Write to Reg: 0x01 Val: 0x00000000
In clock cycle: 232
Register Write to Reg: 0x0A Val: 0x00000001
In clock cycle: 235
Register Write to Reg: 0x00 Val: 0x00000000
In clock cycle: 236
Register Write to Reg: 0x0D Val: 0x00000003
In clock cycle: 237
Register Write to Reg: 0x01 Val: 0x00000001
In clock cycle: 240
Register Write to Reg: 0x00 Val: 0x00000000
In clock cycle: 241
Register Write to Reg: 0x0E Val: 0x00000004
In clock cycle: 242
Register Write to Reg: 0x0E Val: 0x10010004
In clock cycle: 243
Register Write to Reg: 0x0A Val: 0x00000002
In clock cycle: 244
Register Write to Reg: 0x0F Val: 0x00000008
In clock cycle: 245
Register Write to Reg: 0x01 Val: 0x00000001
In clock cycle: 246
Register Write to Reg: 0x0A Val: 0x00000001
In clock cycle: 247
Register Write to Reg: 0x0F Val: 0x10010008
In clock cycle: 248
Register Write to Reg: 0x18 Val: 0x00000005
In clock cycle: 249
Register Write to Reg: 0x19 Val: 0x00000001
In clock cycle: 250
Register Write to Reg: 0x01 Val: 0x00000001
In clock cycle: 253
Register Write to Reg: 0x00 Val: 0x00000000
In clock cycle: 253
Memory Write to Addr: 0x10010008 Val: 0x00000005
In clock cycle: 254
Memory Write to Addr: 0x10010004 Val: 0x00000001
In clock cycle: 256
Register Write to Reg: 0x08 Val: 0x00000001
In clock cycle: 257
Register Write to Reg: 0x0A Val: 0x00000002
In clock cycle: 260
Register Write to Reg: 0x00 Val: 0x00000000
In clock cycle: 261
Register Write to Reg: 0x0D Val: 0x00000003
In clock cycle: 262
Register Write to Reg: 0x01 Val: 0x00000001
In clock cycle: 265
Register Write to Reg: 0x00 Val: 0x00000000
In clock cycle: 266
Register Write to Reg: 0x0E Val: 0x00000008
In clock cycle: 267
Register Write to Reg: 0x0E Val: 0x10010008
In clock cycle: 268
Register Write to Reg: 0x0A Val: 0x00000003
In clock cycle: 269
Register Write to Reg: 0x0F Val: 0x0000000C
In clock cycle: 270
Register Write to Reg: 0x01 Val: 0x00000001
In clock cycle: 271
Register Write to Reg: 0x0A Val: 0x00000002
In clock cycle: 272
Register Write to Reg: 0x0F Val: 0x1001000C
In clock cycle: 273
Register Write to Reg: 0x18 Val: 0x00000005
In clock cycle: 274
Register Write to Reg: 0x19 Val: 0x00000007
In clock cycle: 275
Register Write to Reg: 0x01 Val: 0x00000000
In clock cycle: 277
Register Write to Reg: 0x0A Val: 0x00000003
In clock cycle: 280
Register Write to Reg: 0x00 Val: 0x00000000
In clock cycle: 281
Register Write to Reg: 0x0D Val: 0x00000003
In clock cycle: 282
Register Write to Reg: 0x01 Val: 0x00000000
In clock cycle: 285
Register Write to Reg: 0x09 Val: 0x00000002
In clock cycle: 288
Register Write to Reg: 0x00 Val: 0x00000000
In clock cycle: 289
Register Write to Reg: 0x01 Val: 0x00000001
In clock cycle: 292
Register Write to Reg: 0x00 Val: 0x00000000
In clock cycle: 293
Register Write to Reg: 0x08 Val: 0x00000000
In clock cycle: 294
Register Write to Reg: 0x0A Val: 0x00000000
In clock cycle: 295
Register Write to Reg: 0x0D Val: 0x00000002
In clock cycle: 296
Register Write to Reg: 0x01 Val: 0x00000001
In clock cycle: 299
Register Write to Reg: 0x00 Val: 0x00000000
In clock cycle: 300
Register Write to Reg: 0x0E Val: 0x00000000
In clock cycle: 301
Register Write to Reg: 0x0E Val: 0x10010000
In clock cycle: 302
Register Write to Reg: 0x0A Val: 0x00000001
In clock cycle: 303
Register Write to Reg: 0x0F Val: 0x00000004
In clock cycle: 304
Register Write to Reg: 0x01 Val: 0x00000001
In clock cycle: 305
Register Write to Reg: 0x0A Val: 0x00000000
In clock cycle: 306
Register Write to Reg: 0x0F Val: 0x10010004
In clock cycle: 307
Register Write to Reg: 0x18 Val: 0x00000003
In clock cycle: 308
Register Write to Reg: 0x19 Val: 0x00000001
In clock cycle: 309
Register Write to Reg: 0x01 Val: 0x00000001
In clock cycle: 312
Register Write to Reg: 0x00 Val: 0x00000000
In clock cycle: 312
Memory Write to Addr: 0x10010004 Val: 0x00000003
In clock cycle: 313
Memory Write to Addr: 0x10010000 Val: 0x00000001
In clock cycle: 315
Register Write to Reg: 0x08 Val: 0x00000001
In clock cycle: 316
Register Write to Reg: 0x0A Val: 0x00000001
In clock cycle: 319
Register Write to Reg: 0x00 Val: 0x00000000
In clock cycle: 320
Register Write to Reg: 0x0D Val: 0x00000002
In clock cycle: 321
Register Write to Reg: 0x01 Val: 0x00000001
In clock cycle: 324
Register Write to Reg: 0x00 Val: 0x00000000
In clock cycle: 325
Register Write to Reg: 0x0E Val: 0x00000004
In clock cycle: 326
Register Write to Reg: 0x0E Val: 0x10010004
In clock cycle: 327
Register Write to Reg: 0x0A Val: 0x00000002
In clock cycle: 328
Register Write to Reg: 0x0F Val: 0x00000008
In clock cycle: 329
Register Write to Reg: 0x01 Val: 0x00000001
In clock cycle: 330
Register Write to Reg: 0x0A Val: 0x00000001
In clock cycle: 331
Register Write to Reg: 0x0F Val: 0x10010008
In clock cycle: 332
Register Write to Reg: 0x18 Val: 0x00000003
In clock cycle: 333
Register Write to Reg: 0x19 Val: 0x00000005
In clock cycle: 334
Register Write to Reg: 0x01 Val: 0x00000000
In clock cycle: 336
Register Write to Reg: 0x0A Val: 0x00000002
In clock cycle: 339
Register Write to Reg: 0x00 Val: 0x00000000
In clock cycle: 340
Register Write to Reg: 0x0D Val: 0x00000002
In clock cycle: 341
Register Write to Reg: 0x01 Val: 0x00000000
In clock cycle: 344
Register Write to Reg: 0x09 Val: 0x00000003
In clock cycle: 347
Register Write to Reg: 0x00 Val: 0x00000000
In clock cycle: 348
Register Write to Reg: 0x01 Val: 0x00000001
In clock cycle: 351
Register Write to Reg: 0x00 Val: 0x00000000
In clock cycle: 352
Register Write to Reg: 0x08 Val: 0x00000000
In clock cycle: 353
Register Write to Reg: 0x0A Val: 0x00000000
In clock cycle: 354
Register Write to Reg: 0x0D Val: 0x00000001
In clock cycle: 355
Register Write to Reg: 0x01 Val: 0x00000001
In clock cycle: 358
Register Write to Reg: 0x00 Val: 0x00000000
In clock cycle: 359
Register Write to Reg: 0x0E Val: 0x00000000
In clock cycle: 360
Register Write to Reg: 0x0E Val: 0x10010000
In clock cycle: 361
Register Write to Reg: 0x0A Val: 0x00000001
In clock cycle: 362
Register Write to Reg: 0x0F Val: 0x00000004
In clock cycle: 363
Register Write to Reg: 0x01 Val: 0x00000001
In clock cycle: 364
Register Write to Reg: 0x0A Val: 0x00000000
In clock cycle: 365
Register Write to Reg: 0x0F Val: 0x10010004
In clock cycle: 366
Register Write to Reg: 0x18 Val: 0x00000001
In clock cycle: 367
Register Write to Reg: 0x19 Val: 0x00000003
In clock cycle: 368
Register Write to Reg: 0x01 Val: 0x00000000
In clock cycle: 370
Register Write to Reg: 0x0A Val: 0x00000001
In clock cycle: 373
Register Write to Reg: 0x00 Val: 0x00000000
In clock cycle: 374
Register Write to Reg: 0x0D Val: 0x00000001
In clock cycle: 375
Register Write to Reg: 0x01 Val: 0x00000000
In clock cycle: 379
Register Write to Reg: 0x00 Val: 0x00000000
In clock cycle: 382
Register Write to Reg: 0x00 Val: 0x00000000
In clock cycle: 383
Register Write to Reg: 0x00 Val: 0x00000000
In clock cycle: 385
Register Write to Reg: 0x00 Val: 0x00000000
In clock cycle: 386
Register Write to Reg: 0x02 Val: 0x00000004
In clock cycle: 387
Register Write to Reg: 0x01 Val: 0x10010000
In clock cycle: 388
Register Write to Reg: 0x04 Val: 0x10010018
In clock cycle: 389
Register Write to Reg: 0x00 Val: 0x0000000C
In clock cycle: 390
Register Write to Reg: 0x02 Val: 0x00000004
In clock cycle: 391
Register Write to Reg: 0x01 Val: 0x10010000
In clock cycle: 392
Register Write to Reg: 0x04 Val: 0x10010032
In clock cycle: 393
Register Write to Reg: 0x00 Val: 0x0000000C
In clock cycle: 394
Register Write to Reg: 0x01 Val: 0x10010000
In clock cycle: 395
Register Write to Reg: 0x04 Val: 0x10010000
In clock cycle: 396
Register Write to Reg: 0x01 Val: 0x10010000
In clock cycle: 397
Register Write to Reg: 0x05 Val: 0x10010014
In clock cycle: 398
Register Write to Reg: 0x1F Val: 0x0040007C
In clock cycle: 400
Register Write to Reg: 0x00 Val: 0x00000000
In clock cycle: 401
Register Write to Reg: 0x09 Val: 0x00000005
In clock cycle: 402
Register Write to Reg: 0x08 Val: 0x00000000
In clock cycle: 403
Register Write to Reg: 0x0B Val: 0x10010000
In clock cycle: 404
Register Write to Reg: 0x0A Val: 0x00000001
In clock cycle: 405
Register Write to Reg: 0x02 Val: 0x00000001
In clock cycle: 406
Register Write to Reg: 0x04 Val: 0x00000001
In clock cycle: 407
Register Write to Reg: 0x00 Val: 0x00000000
In clock cycle: 408
Register Write to Reg: 0x02 Val: 0x00000004
In clock cycle: 409
Register Write to Reg: 0x01 Val: 0x10010000
In clock cycle: 410
Register Write to Reg: 0x04 Val: 0x10010049
In clock cycle: 411
Register Write to Reg: 0x00 Val: 0x0000000C
In clock cycle: 412
Register Write to Reg: 0x0B Val: 0x10010004
In clock cycle: 413
Register Write to Reg: 0x08 Val: 0x00000001
In clock cycle: 414
Register Write to Reg: 0x01 Val: 0x00000001
In clock cycle: 416
Register Write to Reg: 0x0A Val: 0x00000003
In clock cycle: 417
Register Write to Reg: 0x02 Val: 0x00000001
In clock cycle: 418
Register Write to Reg: 0x04 Val: 0x00000003
In clock cycle: 419
Register Write to Reg: 0x00 Val: 0x00000000
In clock cycle: 420
Register Write to Reg: 0x02 Val: 0x00000004
In clock cycle: 421
Register Write to Reg: 0x01 Val: 0x10010000
In clock cycle: 422
Register Write to Reg: 0x04 Val: 0x10010049
In clock cycle: 423
Register Write to Reg: 0x00 Val: 0x0000000C
In clock cycle: 424
Register Write to Reg: 0x0B Val: 0x10010008
In clock cycle: 425
Register Write to Reg: 0x08 Val: 0x00000002
In clock cycle: 426
Register Write to Reg: 0x01 Val: 0x00000001
In clock cycle: 428
Register Write to Reg: 0x0A Val: 0x00000005
In clock cycle: 429
Register Write to Reg: 0x02 Val: 0x00000001
In clock cycle: 430
Register Write to Reg: 0x04 Val: 0x00000005
In clock cycle: 431
Register Write to Reg: 0x00 Val: 0x00000000
In clock cycle: 432
Register Write to Reg: 0x02 Val: 0x00000004
In clock cycle: 433
Register Write to Reg: 0x01 Val: 0x10010000
In clock cycle: 434
Register Write to Reg: 0x04 Val: 0x10010049
In clock cycle: 435
Register Write to Reg: 0x00 Val: 0x0000000C
In clock cycle: 436
Register Write to Reg: 0x0B Val: 0x1001000C
In clock cycle: 437
Register Write to Reg: 0x08 Val: 0x00000003
In clock cycle: 438
Register Write to Reg: 0x01 Val: 0x00000001
In clock cycle: 440
Register Write to Reg: 0x0A Val: 0x00000007
In clock cycle: 441
Register Write to Reg: 0x02 Val: 0x00000001
In clock cycle: 442
Register Write to Reg: 0x04 Val: 0x00000007
In clock cycle: 443
Register Write to Reg: 0x00 Val: 0x00000000
In clock cycle: 444
Register Write to Reg: 0x02 Val: 0x00000004
In clock cycle: 445
Register Write to Reg: 0x01 Val: 0x10010000
In clock cycle: 446
Register Write to Reg: 0x04 Val: 0x10010049
In clock cycle: 447
Register Write to Reg: 0x00 Val: 0x0000000C
In clock cycle: 448
Register Write to Reg: 0x0B Val: 0x10010010
In clock cycle: 449
Register Write to Reg: 0x08 Val: 0x00000004
In clock cycle: 450
Register Write to Reg: 0x01 Val: 0x00000001
In clock cycle: 452
Register Write to Reg: 0x0A Val: 0x00000009
In clock cycle: 453
Register Write to Reg: 0x02 Val: 0x00000001
In clock cycle: 454
Register Write to Reg: 0x04 Val: 0x00000009
In clock cycle: 455
Register Write to Reg: 0x00 Val: 0x00000000
In clock cycle: 456
Register Write to Reg: 0x02 Val: 0x00000004
In clock cycle: 457
Register Write to Reg: 0x01 Val: 0x10010000
In clock cycle: 458
Register Write to Reg: 0x04 Val: 0x10010049
In clock cycle: 459
Register Write to Reg: 0x00 Val: 0x0000000C
In clock cycle: 460
Register Write to Reg: 0x0B Val: 0x10010014
In clock cycle: 461
Register Write to Reg: 0x08 Val: 0x00000005
In clock cycle: 462
Register Write to Reg: 0x01 Val: 0x00000000
In clock cycle: 465
Register Write to Reg: 0x00 Val: 0x00000000
In clock cycle: 466
Register Write to Reg: 0x00 Val: 0x00000000
In clock cycle: 468
Register Write to Reg: 0x00 Val: 0x00000000
In clock cycle: 469
Register Write to Reg: 0x02 Val: 0x0000000A
In clock cycle: 470
Register Write to Reg: 0x00 Val: 0x0000000C
Execution is stopping! Clock Cycle: 471
