[inst #1] xor $1,$1,$1
Register Write to Reg: 0x01 Val: 0x00000000
[inst #2] xor $2,$2,$2
Register Write to Reg: 0x02 Val: 0x00000000
[inst #3] xor $3,$3,$3
Register Write to Reg: 0x03 Val: 0x00000000
[inst #4] xor $4,$4,$4
Register Write to Reg: 0x04 Val: 0x00000000
[inst #5] xor $5,$5,$5
Register Write to Reg: 0x05 Val: 0x00000000
[inst #6] xor $6,$6,$6
Register Write to Reg: 0x06 Val: 0x00000000
[inst #7] xor $7,$7,$7
Register Write to Reg: 0x07 Val: 0x00000000
[inst #8] xor $8,$8,$8
Register Write to Reg: 0x08 Val: 0x00000000
[inst #9] xor $9,$9,$9
Register Write to Reg: 0x09 Val: 0x00000000
[inst #10] xor $10,$10,$10
Register Write to Reg: 0x0A Val: 0x00000000
[inst #11] xor $11,$11,$11
Register Write to Reg: 0x0B Val: 0x00000000
[inst #12] xor $12,$12,$12
Register Write to Reg: 0x0C Val: 0x00000000
[inst #13] xor $13,$13,$13
Register Write to Reg: 0x0D Val: 0x00000000
[inst #14] xor $14,$14,$14
Register Write to Reg: 0x0E Val: 0x00000000
[inst #15] xor $15,$15,$15
Register Write to Reg: 0x0F Val: 0x00000000
[inst #16] xor $16,$16,$16
Register Write to Reg: 0x10 Val: 0x00000000
[inst #17] xor $17,$17,$17
Register Write to Reg: 0x11 Val: 0x00000000
[inst #18] xor $18,$18,$18
Register Write to Reg: 0x12 Val: 0x00000000
[inst #19] xor $19,$19,$19
Register Write to Reg: 0x13 Val: 0x00000000
[inst #20] xor $20,$20,$20
Register Write to Reg: 0x14 Val: 0x00000000
[inst #21] xor $21,$21,$21
Register Write to Reg: 0x15 Val: 0x00000000
[inst #22] xor $22,$22,$22
Register Write to Reg: 0x16 Val: 0x00000000
[inst #23] xor $23,$23,$23
Register Write to Reg: 0x17 Val: 0x00000000
[inst #24] xor $24,$24,$24
Register Write to Reg: 0x18 Val: 0x00000000
[inst #25] xor $25,$25,$25
Register Write to Reg: 0x19 Val: 0x00000000
[inst #26] xor $26,$26,$26
Register Write to Reg: 0x1A Val: 0x00000000
[inst #27] xor $27,$27,$27
Register Write to Reg: 0x1B Val: 0x00000000
[inst #28] xor $28,$28,$28
Register Write to Reg: 0x1C Val: 0x00000000
[inst #29] xor $29,$29,$29
Register Write to Reg: 0x1D Val: 0x00000000
[inst #30] xor $30,$30,$30
Register Write to Reg: 0x1E Val: 0x00000000
[inst #31] xor $31,$31,$31
Register Write to Reg: 0x1F Val: 0x00000000
[inst #32] halt 

