In clock cycle: 3
Register Write to Reg: 0x00 Val: 0x00000000
In clock cycle: 4
Register Write to Reg: 0x04 Val: 0xFFFFFFFF
In clock cycle: 5
Register Write to Reg: 0x01 Val: 0x11110000
In clock cycle: 6
Register Write to Reg: 0x01 Val: 0x11111111
In clock cycle: 7
Register Write to Reg: 0x05 Val: 0x11111111
In clock cycle: 8
Register Write to Reg: 0x01 Val: 0x12340000
In clock cycle: 9
Register Write to Reg: 0x01 Val: 0x12345678
In clock cycle: 10
Register Write to Reg: 0x10 Val: 0x12345678
In clock cycle: 11
Register Write to Reg: 0x01 Val: 0x12340000
In clock cycle: 12
Register Write to Reg: 0x01 Val: 0x12345678
In clock cycle: 13
Register Write to Reg: 0x08 Val: 0x10101010
In clock cycle: 14
Register Write to Reg: 0x04 Val: 0x00000000
In clock cycle: 15
Register Write to Reg: 0x01 Val: 0xEEEE0000
In clock cycle: 16
Register Write to Reg: 0x01 Val: 0xEEEEEEEE
In clock cycle: 17
Register Write to Reg: 0x05 Val: 0x00000000
Execution is stopping! Clock Cycle: 18
