[inst #1] addi $8,$0,255
Register Write to Reg: 0x08 Val: 0x000000FF
[inst #2] lui $1,0
Register Write to Reg: 0x01 Val: 0x00000000
[inst #3] ori $1,$1,65280
Register Write to Reg: 0x01 Val: 0x0000FF00
[inst #4] add $9,$0,$1
Register Write to Reg: 0x09 Val: 0x0000FF00
[inst #5] addi $10,$0,3855
Register Write to Reg: 0x0A Val: 0x00000F0F
[inst #6] lui $1,0
Register Write to Reg: 0x01 Val: 0x00000000
[inst #7] ori $1,$1,61680
Register Write to Reg: 0x01 Val: 0x0000F0F0
[inst #8] add $11,$0,$1
Register Write to Reg: 0x0B Val: 0x0000F0F0
[inst #9] addi $12,$0,13107
Register Write to Reg: 0x0C Val: 0x00003333
[inst #10] lui $1,0
Register Write to Reg: 0x01 Val: 0x00000000
[inst #11] ori $1,$1,52428
Register Write to Reg: 0x01 Val: 0x0000CCCC
[inst #12] add $13,$0,$1
Register Write to Reg: 0x0D Val: 0x0000CCCC
[inst #13] addi $14,$0,21845
Register Write to Reg: 0x0E Val: 0x00005555
[inst #14] lui $1,0
Register Write to Reg: 0x01 Val: 0x00000000
[inst #15] ori $1,$1,43690
Register Write to Reg: 0x01 Val: 0x0000AAAA
[inst #16] add $15,$0,$1
Register Write to Reg: 0x0F Val: 0x0000AAAA
[inst #17] and $24,$8,$10
Register Write to Reg: 0x18 Val: 0x0000000F
[inst #18] and $24,$24,$12
Register Write to Reg: 0x18 Val: 0x00000003
[inst #19] and $24,$24,$14
Register Write to Reg: 0x18 Val: 0x00000001
[inst #20] and $24,$8,$10
Register Write to Reg: 0x18 Val: 0x0000000F
[inst #21] and $24,$24,$12
Register Write to Reg: 0x18 Val: 0x00000003
[inst #22] and $24,$24,$15
Register Write to Reg: 0x18 Val: 0x00000002
[inst #23] and $24,$8,$10
Register Write to Reg: 0x18 Val: 0x0000000F
[inst #24] and $24,$24,$13
Register Write to Reg: 0x18 Val: 0x0000000C
[inst #25] and $24,$24,$14
Register Write to Reg: 0x18 Val: 0x00000004
[inst #26] and $24,$8,$10
Register Write to Reg: 0x18 Val: 0x0000000F
[inst #27] and $24,$24,$13
Register Write to Reg: 0x18 Val: 0x0000000C
[inst #28] and $24,$24,$15
Register Write to Reg: 0x18 Val: 0x00000008
[inst #29] and $24,$8,$11
Register Write to Reg: 0x18 Val: 0x000000F0
[inst #30] and $24,$24,$12
Register Write to Reg: 0x18 Val: 0x00000030
[inst #31] and $24,$24,$14
Register Write to Reg: 0x18 Val: 0x00000010
[inst #32] and $24,$8,$11
Register Write to Reg: 0x18 Val: 0x000000F0
[inst #33] and $24,$24,$12
Register Write to Reg: 0x18 Val: 0x00000030
[inst #34] and $24,$24,$15
Register Write to Reg: 0x18 Val: 0x00000020
[inst #35] and $24,$8,$11
Register Write to Reg: 0x18 Val: 0x000000F0
[inst #36] and $24,$24,$13
Register Write to Reg: 0x18 Val: 0x000000C0
[inst #37] and $24,$24,$14
Register Write to Reg: 0x18 Val: 0x00000040
[inst #38] and $24,$8,$11
Register Write to Reg: 0x18 Val: 0x000000F0
[inst #39] and $24,$24,$13
Register Write to Reg: 0x18 Val: 0x000000C0
[inst #40] and $24,$24,$15
Register Write to Reg: 0x18 Val: 0x00000080
[inst #41] and $24,$9,$10
Register Write to Reg: 0x18 Val: 0x00000F00
[inst #42] and $24,$24,$12
Register Write to Reg: 0x18 Val: 0x00000300
[inst #43] and $24,$24,$14
Register Write to Reg: 0x18 Val: 0x00000100
[inst #44] and $24,$9,$10
Register Write to Reg: 0x18 Val: 0x00000F00
[inst #45] and $24,$24,$12
Register Write to Reg: 0x18 Val: 0x00000300
[inst #46] and $24,$24,$15
Register Write to Reg: 0x18 Val: 0x00000200
[inst #47] and $24,$9,$10
Register Write to Reg: 0x18 Val: 0x00000F00
[inst #48] and $24,$24,$13
Register Write to Reg: 0x18 Val: 0x00000C00
[inst #49] and $24,$24,$14
Register Write to Reg: 0x18 Val: 0x00000400
[inst #50] and $24,$9,$10
Register Write to Reg: 0x18 Val: 0x00000F00
[inst #51] and $24,$24,$13
Register Write to Reg: 0x18 Val: 0x00000C00
[inst #52] and $24,$24,$15
Register Write to Reg: 0x18 Val: 0x00000800
[inst #53] and $24,$9,$11
Register Write to Reg: 0x18 Val: 0x0000F000
[inst #54] and $24,$24,$12
Register Write to Reg: 0x18 Val: 0x00003000
[inst #55] and $24,$24,$14
Register Write to Reg: 0x18 Val: 0x00001000
[inst #56] and $24,$9,$11
Register Write to Reg: 0x18 Val: 0x0000F000
[inst #57] and $24,$24,$12
Register Write to Reg: 0x18 Val: 0x00003000
[inst #58] and $24,$24,$15
Register Write to Reg: 0x18 Val: 0x00002000
[inst #59] and $24,$9,$11
Register Write to Reg: 0x18 Val: 0x0000F000
[inst #60] and $24,$24,$13
Register Write to Reg: 0x18 Val: 0x0000C000
[inst #61] and $24,$24,$14
Register Write to Reg: 0x18 Val: 0x00004000
[inst #62] and $24,$9,$11
Register Write to Reg: 0x18 Val: 0x0000F000
[inst #63] and $24,$24,$13
Register Write to Reg: 0x18 Val: 0x0000C000
[inst #64] and $24,$24,$15
Register Write to Reg: 0x18 Val: 0x00008000
[inst #65] halt 

