[inst #1] addiu $8,$8,0
Register Write to Reg: 0x08 Val: 0x00000000
[inst #2] addiu $9,$9,-1
Register Write to Reg: 0x09 Val: 0xFFFFFFFF
[inst #3] and $10,$8,$9
Register Write to Reg: 0x0A Val: 0x00000000
[inst #4] lui $1,4369
Register Write to Reg: 0x01 Val: 0x11110000
[inst #5] ori $1,$1,4369
Register Write to Reg: 0x01 Val: 0x11111111
[inst #6] addu $11,$11,$1
Register Write to Reg: 0x0B Val: 0x11111111
[inst #7] addiu $12,$12,-1
Register Write to Reg: 0x0C Val: 0xFFFFFFFF
[inst #8] and $13,$11,$12
Register Write to Reg: 0x0D Val: 0x11111111
[inst #9] lui $0,65535
Register Write to Reg: 0x00 Val: 0xFFFF0000
[inst #10] lui $15,0
Register Write to Reg: 0x0F Val: 0x00000000
[inst #11] and $14,$0,$13
Register Write to Reg: 0x0E Val: 0x00000000
[inst #12] halt 

