In clock cycle: 0
Register Write to Reg: 0x01 Val: 0x10010000
In clock cycle: 1
Register Write to Reg: 0x08 Val: 0x10010000
In clock cycle: 2
Register Write to Reg: 0x01 Val: 0x10010000
In clock cycle: 3
Register Write to Reg: 0x09 Val: 0x10010004
In clock cycle: 4
Register Write to Reg: 0x01 Val: 0x10010000
In clock cycle: 5
Register Write to Reg: 0x0A Val: 0x10010008
In clock cycle: 6
Register Write to Reg: 0x01 Val: 0x10010000
In clock cycle: 7
Register Write to Reg: 0x0B Val: 0x1001000C
In clock cycle: 8
Register Write to Reg: 0x0C Val: 0x00000021
In clock cycle: 9
Register Write to Reg: 0x0D Val: 0x00000043
In clock cycle: 10
Register Write to Reg: 0x0E Val: 0x00000065
In clock cycle: 11
Register Write to Reg: 0x0F Val: 0x00000087
In clock cycle: 12
Register Write to Reg: 0x0C Val: 0x000000EF
In clock cycle: 13
Register Write to Reg: 0x0D Val: 0x000000BE
In clock cycle: 14
Register Write to Reg: 0x0E Val: 0x000000AD
In clock cycle: 15
Register Write to Reg: 0x0F Val: 0x000000DE
In clock cycle: 16
Register Write to Reg: 0x0C Val: 0x00000000
In clock cycle: 17
Register Write to Reg: 0x0D Val: 0x00000000
In clock cycle: 18
Register Write to Reg: 0x0E Val: 0x00000000
In clock cycle: 19
Register Write to Reg: 0x0F Val: 0x00000000
In clock cycle: 20
Register Write to Reg: 0x0C Val: 0x000000FF
In clock cycle: 21
Register Write to Reg: 0x0D Val: 0x000000FF
In clock cycle: 22
Register Write to Reg: 0x0E Val: 0x000000FF
In clock cycle: 23
Register Write to Reg: 0x0F Val: 0x000000FF
Execution is stopping! Clock Cycle: 24
