[inst #1] lui $1,4097
Register Write to Reg: 0x01 Val: 0x10010000
[inst #2] ori $8,$1,0
Register Write to Reg: 0x08 Val: 0x10010000
[inst #3] lui $1,4097
Register Write to Reg: 0x01 Val: 0x10010000
[inst #4] ori $9,$1,4
Register Write to Reg: 0x09 Val: 0x10010004
[inst #5] lui $1,4097
Register Write to Reg: 0x01 Val: 0x10010000
[inst #6] ori $10,$1,8
Register Write to Reg: 0x0A Val: 0x10010008
[inst #7] lui $1,4097
Register Write to Reg: 0x01 Val: 0x10010000
[inst #8] ori $11,$1,12
Register Write to Reg: 0x0B Val: 0x1001000C
[inst #9] lhu $12,0($8)
Register Write to Reg: 0x0C Val: 0x00004321
[inst #10] lhu $14,2($8)
Register Write to Reg: 0x0E Val: 0x00008765
[inst #11] lhu $12,0($9)
Register Write to Reg: 0x0C Val: 0x0000BEEF
[inst #12] lhu $14,2($9)
Register Write to Reg: 0x0E Val: 0x0000DEAD
[inst #13] lhu $12,0($10)
Register Write to Reg: 0x0C Val: 0x00000000
[inst #14] lhu $14,2($10)
Register Write to Reg: 0x0E Val: 0x00000000
[inst #15] lhu $12,0($11)
Register Write to Reg: 0x0C Val: 0x0000FFFF
[inst #16] lhu $14,2($11)
Register Write to Reg: 0x0E Val: 0x0000FFFF
[inst #17] halt 

